
Request: POST /conect-whats at Tue Jan 24 2023 14:12:05 GMT-0300, IP: ::ffff:192.168.210.181, User Agent: python-requests/2.27.1
Request Body:
{
	"telefone": "5185146811",
	"unidade": "XXX",
	"iduser": "56464",
	"nomeboleto": "1532000308_20230124_141046.pdf",
	"nomedevedor": "ELISANGELA SILVA DOS"
}
Response: - - ms 

Request: POST /send-midia at Tue Jan 24 2023 14:12:11 GMT-0300, IP: ::ffff:192.168.210.181, User Agent: python-requests/2.27.1
Request Body:
{
	"telefone": "5185146811",
	"unidade": "XXX",
	"iduser": "56464",
	"nomeboleto": "1532000308_20230124_141211.pdf",
	"nomedevedor": "ELISANGELA SILVA DOS"
}
Response: 200 4.092 ms 

Request: POST /conect-whats at Tue Jan 24 2023 14:15:17 GMT-0300, IP: ::ffff:192.168.210.181, User Agent: python-requests/2.27.1
Request Body:
{
	"telefone": "5185146811",
	"unidade": "XXX",
	"iduser": "56464",
	"nomeboleto": "1532000308_20230124_141439.pdf",
	"nomedevedor": "ELISANGELA SILVA DOS"
}
Response: - - ms 

Request: POST /check-whats at Thu Jan 26 2023 10:47:50 GMT-0300, IP: ::ffff:192.168.210.181, User Agent: python-requests/2.27.1
Request Body:
{
	"telefone": "51998983143",
	"unidade": "XXX",
	"iduser": "56464",
	"nomeboleto": "1532000308_20230126_104749.pdf",
	"nomedevedor": "ELISANGELA SILVA DOS"
}
Response Body:
{
	"status": false,
	"message": "A instancia não foi inicializada - The instance was not initialized"
}
Response: 200 5.068 ms 

Request: POST /conecta-whats at Thu Jan 26 2023 10:56:11 GMT-0300, IP: ::ffff:192.168.210.181, User Agent: python-requests/2.27.1
Request Body:
{
	"telefone": "51998983143",
	"unidade": "XXX",
	"iduser": "56464",
	"nomeboleto": "1532000308_20230126_105410.pdf",
	"nomedevedor": "ELISANGELA SILVA DOS"
}
Response: - - ms 

Request: POST /conecta-whats at Thu Jan 26 2023 12:57:38 GMT-0300, IP: ::ffff:192.168.210.181, User Agent: python-requests/2.27.1
Request Body:
{
	"telefone": "51998983143",
	"unidade": "XXX",
	"iduser": "56464",
	"nomeboleto": "1532000308_20230126_124952.pdf",
	"nomedevedor": "ELISANGELA SILVA DOS"
}
Response: - - ms 

Request: POST /conecta-whats at Thu Jan 26 2023 16:01:57 GMT-0300, IP: ::ffff:192.168.210.181, User Agent: python-requests/2.27.1
Request Body:
{
	"telefone": "51998983143",
	"unidade": "XXX",
	"iduser": "56464",
	"nomeboleto": "1532000308_20230126_160157.pdf",
	"nomedevedor": "ELISANGELA SILVA DOS"
}
Response: 500 4.037 ms 

Request: POST /conecta-whats at Thu Jan 26 2023 16:04:20 GMT-0300, IP: ::ffff:192.168.210.181, User Agent: python-requests/2.27.1
Request Body:
{
	"telefone": "51998983143",
	"unidade": "XXX",
	"iduser": "56464",
	"nomeboleto": "1532000308_20230126_160419.pdf",
	"nomedevedor": "ELISANGELA SILVA DOS"
}
Response: 500 5.108 ms 

Request: POST /conecta-whats at Thu Jan 26 2023 16:09:34 GMT-0300, IP: ::ffff:192.168.210.181, User Agent: python-requests/2.27.1
Request Body:
{
	"telefone": "51998983143",
	"unidade": "XXX",
	"iduser": "56464",
	"nomeboleto": "1532000308_20230126_160934.pdf",
	"nomedevedor": "ELISANGELA SILVA DOS"
}
Response: 500 3.589 ms 

Request: POST /conecta-whats at Thu Jan 26 2023 16:10:04 GMT-0300, IP: ::ffff:192.168.210.181, User Agent: python-requests/2.27.1
Request Body:
{
	"telefone": "51998983143",
	"unidade": "XXX",
	"iduser": "56464",
	"nomeboleto": "1532000308_20230126_161004.pdf",
	"nomedevedor": "ELISANGELA SILVA DOS"
}
Response: 500 9.765 ms 

Request: POST /conecta-whats at Thu Jan 26 2023 16:10:43 GMT-0300, IP: ::ffff:192.168.210.181, User Agent: python-requests/2.27.1
Request Body:
{
	"telefone": "51998983143",
	"unidade": "XXX",
	"iduser": "56464",
	"nomeboleto": "1532000308_20230126_161043.pdf",
	"nomedevedor": "ELISANGELA SILVA DOS"
}
Response: 500 10.429 ms 

Request: POST /conecta-whats at Thu Jan 26 2023 16:15:12 GMT-0300, IP: ::ffff:192.168.210.181, User Agent: python-requests/2.27.1
Request Body:
{
	"telefone": "51998983143",
	"unidade": "XXX",
	"iduser": "56464",
	"nomeboleto": "1532000308_20230126_161216.pdf",
	"nomedevedor": "ELISANGELA SILVA DOS"
}
Response: - - ms 

Request: POST /conecta-whats at Thu Jan 26 2023 16:58:35 GMT-0300, IP: ::ffff:192.168.210.181, User Agent: python-requests/2.27.1
Request Body:
{
	"telefone": "5185146811",
	"unidade": "XXX",
	"iduser": "56464",
	"nomeboleto": "1532000308_20230126_165835.pdf",
	"nomedevedor": "ELISANGELA SILVA DOS"
}
Response: 500 3.140 ms 

Request: POST /conecta-whats at Thu Jan 26 2023 16:58:56 GMT-0300, IP: ::ffff:192.168.210.181, User Agent: python-requests/2.27.1
Request Body:
{
	"telefone": "5185146811",
	"unidade": "XXX",
	"iduser": "56464",
	"nomeboleto": "1532000308_20230126_165845.pdf",
	"nomedevedor": "ELISANGELA SILVA DOS"
}
Response: - - ms 

Request: POST /conecta-whats at Thu Jan 26 2023 17:02:12 GMT-0300, IP: ::ffff:192.168.210.181, User Agent: python-requests/2.27.1
Request Body:
{
	"telefone": "5185146811",
	"unidade": "XXX",
	"iduser": "56464",
	"nomeboleto": "1532000308_20230126_170212.pdf",
	"nomedevedor": "ELISANGELA SILVA DOS"
}
Response: 500 3.158 ms 

Request: POST /envia-whats at Mon Jan 30 2023 14:32:48 GMT-0300, IP: ::ffff:192.168.210.181, User Agent: python-requests/2.27.1
Request Body:
{
	"telefone": "5185146811",
	"unidade": "XXX",
	"iduser": "56464",
	"nomeboleto": "1532000308_20230130_143248.pdf",
	"nomedevedor": "ELISANGELA SILVA DOS"
}
Response Body:
Boleto encaminhado para envio
Response: 200 12.072 ms 

Request: POST /envia-whats at Mon Jan 30 2023 14:33:01 GMT-0300, IP: ::ffff:192.168.210.181, User Agent: python-requests/2.27.1
Request Body:
{
	"telefone": "5185146811",
	"unidade": "XXX",
	"iduser": "56464",
	"nomeboleto": "1532000308_20230130_143301.pdf",
	"nomedevedor": "ELISANGELA SILVA DOS"
}
Response Body:
Boleto encaminhado para envio
Response: 200 2.867 ms 

Request: POST /envia-whats at Mon Jan 30 2023 14:33:08 GMT-0300, IP: ::ffff:192.168.210.181, User Agent: python-requests/2.27.1
Request Body:
{
	"telefone": "5185146811",
	"unidade": "XXX",
	"iduser": "56464",
	"nomeboleto": "1532000308_20230130_143308.pdf",
	"nomedevedor": "ELISANGELA SILVA DOS"
}
Response Body:
Boleto encaminhado para envio
Response: 200 1.519 ms 

Request: POST /envia-whats at Mon Jan 30 2023 14:35:48 GMT-0300, IP: ::ffff:192.168.210.181, User Agent: python-requests/2.27.1
Request Body:
{
	"telefone": "5185146811",
	"unidade": "XXX",
	"iduser": "56464",
	"nomeboleto": "1532000308_20230130_143548.pdf",
	"nomedevedor": "ELISANGELA SILVA DOS"
}
Response Body:
Boleto encaminhado para envio
Response: 200 4.072 ms 

Request: POST /envia-whats at Mon Jan 30 2023 14:39:00 GMT-0300, IP: ::1, User Agent: PostmanRuntime/7.30.0
Request Body:
{
	"telefone": "5185146811",
	"unidade": "XXX",
	"iduser": "123456",
	"idenvio": "1",
	"nomeboleto": "1532000308_20230127_094913.pdf",
	"nomedevedor": "Sheyla"
}
Response Body:
Boleto encaminhado para envio
Response: 200 18.099 ms 

Request: POST /envia-whats at Mon Jan 30 2023 14:42:57 GMT-0300, IP: ::ffff:192.168.210.181, User Agent: python-requests/2.27.1
Request Body:
{
	"telefone": "5185146811",
	"unidade": "XXX",
	"iduser": "56464",
	"nomeboleto": "1532000308_20230130_144256.pdf",
	"nomedevedor": "ELISANGELA SILVA DOS"
}
Response Body:
Boleto encaminhado para envio
Response: 200 4.216 ms 

Request: POST /check-whats at Mon Jan 30 2023 14:43:28 GMT-0300, IP: ::ffff:192.168.210.181, User Agent: python-requests/2.27.1
Request Body:
{
	"telefone": "5185146811",
	"unidade": "XXX",
	"iduser": "56464",
	"nomeboleto": "1532000308_20230130_144328.pdf",
	"nomedevedor": "ELISANGELA SILVA DOS"
}
Response: 200 2.355 ms 

Request: POST /check-whats at Mon Jan 30 2023 14:44:31 GMT-0300, IP: ::ffff:192.168.210.181, User Agent: python-requests/2.27.1
Request Body:
{
	"telefone": "5185146811",
	"unidade": "XXX",
	"iduser": "56464",
	"nomeboleto": "1532000308_20230130_144431.pdf",
	"nomedevedor": "ELISANGELA SILVA DOS"
}
Response: 200 47.299 ms 

Request: POST /check-whats at Mon Jan 30 2023 14:45:47 GMT-0300, IP: ::ffff:192.168.210.181, User Agent: python-requests/2.27.1
Request Body:
{
	"telefone": "5185146811",
	"unidade": "XXX",
	"iduser": "56464",
	"nomeboleto": "1532000308_20230130_144547.pdf",
	"nomedevedor": "ELISANGELA SILVA DOS"
}
Response: 200 3.957 ms 

Request: POST /check-whats at Mon Jan 30 2023 14:45:56 GMT-0300, IP: ::ffff:192.168.210.181, User Agent: python-requests/2.27.1
Request Body:
{
	"telefone": "5185146811",
	"unidade": "XXX",
	"iduser": "56464",
	"nomeboleto": "1532000308_20230130_144556.pdf",
	"nomedevedor": "ELISANGELA SILVA DOS"
}
Response: 200 1.537 ms 

Request: POST /check-whats at Mon Jan 30 2023 14:48:19 GMT-0300, IP: ::ffff:192.168.210.181, User Agent: python-requests/2.27.1
Request Body:
{
	"telefone": "5185146811",
	"unidade": "XXX",
	"iduser": "56464",
	"nomeboleto": "1532000308_20230130_144819.pdf",
	"nomedevedor": "ELISANGELA SILVA DOS"
}
Response: 200 9.312 ms 

Request: POST /check-whats at Mon Jan 30 2023 14:49:52 GMT-0300, IP: ::ffff:192.168.210.181, User Agent: python-requests/2.27.1
Request Body:
{
	"telefone": "5185146811",
	"unidade": "XXX",
	"iduser": "56464",
	"nomeboleto": "1532000308_20230130_144952.pdf",
	"nomedevedor": "ELISANGELA SILVA DOS"
}
Response: 200 7.160 ms 

Request: POST /check-whats at Mon Jan 30 2023 14:51:48 GMT-0300, IP: ::ffff:192.168.210.181, User Agent: python-requests/2.27.1
Request Body:
{
	"telefone": "5185146811",
	"unidade": "XXX",
	"iduser": "56464",
	"nomeboleto": "1532000308_20230130_145148.pdf",
	"nomedevedor": "ELISANGELA SILVA DOS"
}
Response: 200 19.499 ms 

Request: POST /check-whats at Mon Jan 30 2023 14:57:38 GMT-0300, IP: ::ffff:192.168.210.181, User Agent: python-requests/2.27.1
Request Body:
{
	"telefone": "5185146811",
	"unidade": "XXX",
	"iduser": "56464",
	"nomeboleto": "1532000308_20230130_145738.pdf",
	"nomedevedor": "ELISANGELA SILVA DOS"
}
Response: 200 50.294 ms 

Request: POST /check-whats at Mon Jan 30 2023 14:58:24 GMT-0300, IP: ::ffff:192.168.210.181, User Agent: python-requests/2.27.1
Request Body:
{
	"telefone": "5185146811",
	"unidade": "XXX",
	"iduser": "56464",
	"nomeboleto": "1532000308_20230130_145824.pdf",
	"nomedevedor": "ELISANGELA SILVA DOS"
}
Response: 200 8.415 ms 

Request: POST /check-whats at Mon Jan 30 2023 14:59:40 GMT-0300, IP: ::ffff:192.168.210.181, User Agent: python-requests/2.27.1
Request Body:
{
	"telefone": "5185146811",
	"unidade": "XXX",
	"iduser": "56464",
	"nomeboleto": "1532000308_20230130_145940.pdf",
	"nomedevedor": "ELISANGELA SILVA DOS"
}
Response: 200 22.861 ms 

Request: POST /check-whats at Mon Jan 30 2023 15:01:12 GMT-0300, IP: ::ffff:192.168.210.181, User Agent: python-requests/2.27.1
Request Body:
{
	"telefone": "5185146811",
	"unidade": "XXX",
	"iduser": "56464",
	"nomeboleto": "1532000308_20230130_150112.pdf",
	"nomedevedor": "ELISANGELA SILVA DOS"
}
Response: 200 5.095 ms 

Request: POST /check-whats at Mon Jan 30 2023 15:12:30 GMT-0300, IP: ::ffff:192.168.210.181, User Agent: python-requests/2.27.1
Request Body:
{
	"telefone": "5185146811",
	"unidade": "XXX",
	"iduser": "56464",
	"nomeboleto": "1532000308_20230130_151230.pdf",
	"nomedevedor": "ELISANGELA SILVA DOS"
}
Response: 200 127.913 ms 

Request: POST /envia-whats at Mon Jan 30 2023 15:12:47 GMT-0300, IP: ::ffff:192.168.210.181, User Agent: python-requests/2.27.1
Request Body:
{
	"telefone": "5185146811",
	"unidade": "XXX",
	"iduser": "56464",
	"nomeboleto": "1532000308_20230130_151247.pdf",
	"nomedevedor": "ELISANGELA SILVA DOS"
}
Response Body:
Boleto encaminhado para envio
Response: 200 58.166 ms 

Request: POST /envia-whats at Mon Jan 30 2023 15:13:36 GMT-0300, IP: ::ffff:192.168.210.181, User Agent: python-requests/2.27.1
Request Body:
{
	"telefone": "5185146811",
	"unidade": "XXX",
	"iduser": "56464",
	"nomeboleto": "1532000308_20230130_151336.pdf",
	"nomedevedor": "ELISANGELA SILVA DOS"
}
Response Body:
Boleto encaminhado para envio
Response: 200 18.122 ms 

Request: POST /check-whats at Mon Jan 30 2023 15:15:35 GMT-0300, IP: ::ffff:192.168.210.181, User Agent: python-requests/2.27.1
Request Body:
{
	"telefone": "5185146811",
	"unidade": "XXX",
	"iduser": "56464",
	"nomeboleto": "1532000308_20230130_151535.pdf",
	"nomedevedor": "ELISANGELA SILVA DOS"
}
Response: 200 13.746 ms 

Request: POST /envia-whats at Mon Jan 30 2023 15:15:51 GMT-0300, IP: ::ffff:192.168.210.181, User Agent: python-requests/2.27.1
Request Body:
{
	"telefone": "5185146811",
	"unidade": "XXX",
	"iduser": "56464",
	"nomeboleto": "1532000308_20230130_151551.pdf",
	"nomedevedor": "ELISANGELA SILVA DOS"
}
Response Body:
Boleto encaminhado para envio
Response: 200 48.572 ms 

Request: POST /check-whats at Mon Jan 30 2023 15:41:07 GMT-0300, IP: ::ffff:192.168.210.181, User Agent: python-requests/2.27.1
Request Body:
{
	"telefone": "5185146811",
	"unidade": "XXX",
	"iduser": "56464",
	"nomeboleto": "1532000308_20230130_154107.pdf",
	"nomedevedor": "ELISANGELA SILVA DOS"
}
Response Body:
CONNECTED
Response: 200 1.460 ms 

Request: GET /check-whats at Mon Jan 30 2023 15:49:56 GMT-0300, IP: ::ffff:192.168.210.166, User Agent: Mozilla/5.0 (Windows NT 10.0; Win64; x64) AppleWebKit/537.36 (KHTML, like Gecko) Chrome/109.0.0.0 Safari/537.36
Response: 404 1.873 ms 

Request: POST /envia-whats at Fri Feb 03 2023 14:56:19 GMT-0300, IP: ::1, User Agent: PostmanRuntime/7.30.1
Request Body:
{
	"telefone": "5184287099",
	"unidade": "XXX",
	"iduser": "123456",
	"idenvio": "1",
	"nomeboleto": "1532000308_20230127_094913.pdf",
	"nomedevedor": "Teste1"
}
Response Body:
Boleto encaminhado para envio
Response: 200 28.214 ms 

Request: POST /envia-whats at Fri Feb 03 2023 14:58:53 GMT-0300, IP: ::1, User Agent: PostmanRuntime/7.30.1
Request Body:
{
	"telefone": "5184287099",
	"unidade": "XXX",
	"iduser": "123456",
	"idenvio": "1",
	"nomeboleto": "1532000308_20230127_094913.pdf",
	"nomedevedor": "Teste1"
}
Response Body:
Boleto encaminhado para envio
Response: 200 11.515 ms 

Request: POST /check-whats at Fri Feb 03 2023 14:59:09 GMT-0300, IP: ::1, User Agent: PostmanRuntime/7.30.1

Request: POST /envia-whats at Fri Feb 03 2023 15:01:47 GMT-0300, IP: ::1, User Agent: PostmanRuntime/7.30.1
Request Body:
{
	"telefone": "5184287099",
	"unidade": "XXX",
	"iduser": "123456",
	"idenvio": "1",
	"nomeboleto": "1532000308_20230127_094913.pdf",
	"nomedevedor": "Teste1"
}
Response Body:
Boleto encaminhado para envio
Response: 200 14.338 ms 

Request: POST /check-whats at Fri Feb 03 2023 15:02:27 GMT-0300, IP: ::1, User Agent: PostmanRuntime/7.30.1
Response: 200 2.214 ms 

Request: POST /check-whats at Fri Feb 03 2023 15:02:30 GMT-0300, IP: ::1, User Agent: PostmanRuntime/7.30.1
Response Body:
Conectado
Response: 200 1.385 ms 

Request: POST /check-whats at Fri Feb 03 2023 15:02:32 GMT-0300, IP: ::1, User Agent: PostmanRuntime/7.30.1
Response Body:
Conectado
Response: 200 1.524 ms 

Request: POST /envia-whats at Fri Feb 10 2023 09:59:00 GMT-0300, IP: ::ffff:127.0.0.1, User Agent: python-requests/2.27.1
Request Body:
{
	"telefone": "51985146811",
	"unidade": "XXX",
	"iduser": "56464",
	"nomeboleto": "1532000308_20230210_095900.pdf",
	"nomedevedor": "ELISANGELA SILVA DOS"
}
Response Body:
Boleto encaminhado para envio
Response: 200 23.103 ms 

Request: POST /envia-whats at Fri Feb 10 2023 10:18:09 GMT-0300, IP: ::ffff:127.0.0.1, User Agent: python-requests/2.27.1
Request Body:
{
	"telefone": "51985146811",
	"unidade": "XXX",
	"iduser": "56464",
	"nomeboleto": "1532000308_20230210_101809.pdf",
	"nomedevedor": "ELISANGELA SILVA DOS"
}
Response Body:
Boleto encaminhado para envio
Response: 200 4.832 ms 

Request: POST /envia-whats at Fri Feb 10 2023 10:18:46 GMT-0300, IP: ::ffff:127.0.0.1, User Agent: python-requests/2.27.1
Request Body:
{
	"telefone": "51985146811",
	"unidade": "XXX",
	"iduser": "56464",
	"nomeboleto": "1532000308_20230210_101846.pdf",
	"nomedevedor": "ELISANGELA SILVA DOS"
}
Response Body:
Boleto encaminhado para envio
Response: 200 5.110 ms 

Request: POST /envia-whats at Fri Feb 10 2023 10:18:51 GMT-0300, IP: ::ffff:127.0.0.1, User Agent: python-requests/2.27.1
Request Body:
{
	"telefone": "51998983143",
	"unidade": "XXX",
	"iduser": "56464",
	"nomeboleto": "1532000308_20230210_101851.pdf",
	"nomedevedor": "ELISANGELA SILVA DOS"
}
Response Body:
Boleto encaminhado para envio
Response: 200 2.897 ms 

Request: POST /envia-whats at Fri Feb 10 2023 10:32:14 GMT-0300, IP: ::ffff:127.0.0.1, User Agent: python-requests/2.27.1
Request Body:
{
	"telefone": "51985146811",
	"unidade": "XXX",
	"iduser": "56464",
	"nomeboleto": "1532000308_20230210_103214.pdf",
	"nomedevedor": "ELISANGELA SILVA DOS"
}
Response Body:
Boleto encaminhado para envio
Response: 200 4.622 ms 

Request: POST /envia-whats at Fri Feb 10 2023 10:33:45 GMT-0300, IP: ::ffff:127.0.0.1, User Agent: python-requests/2.27.1
Request Body:
{
	"telefone": "51985146811",
	"unidade": "XXX",
	"iduser": "56464",
	"nomeboleto": "1532000308_20230210_103345.pdf",
	"nomedevedor": "ELISANGELA SILVA DOS"
}
Response Body:
Boleto encaminhado para envio
Response: 200 5.516 ms 

Request: POST /envia-whats at Fri Feb 10 2023 10:35:06 GMT-0300, IP: ::ffff:127.0.0.1, User Agent: python-requests/2.27.1
Request Body:
{
	"telefone": "5185146811",
	"unidade": "XXX",
	"iduser": "56464",
	"nomeboleto": "1532000308_20230210_103506.pdf",
	"nomedevedor": "ELISANGELA SILVA DOS"
}
Response Body:
Boleto encaminhado para envio
Response: 200 2.483 ms 

Request: POST /envia-whats at Fri Feb 10 2023 10:36:35 GMT-0300, IP: ::ffff:127.0.0.1, User Agent: python-requests/2.27.1
Request Body:
{
	"telefone": "5185146811",
	"unidade": "XXX",
	"iduser": "56464",
	"nomeboleto": "1532000308_20230210_103635.pdf",
	"nomedevedor": "ELISANGELA SILVA DOS"
}
Response Body:
Boleto encaminhado para envio
Response: 200 10.689 ms 

Request: POST /envia-whats at Fri Feb 10 2023 10:51:32 GMT-0300, IP: ::ffff:127.0.0.1, User Agent: python-requests/2.27.1
Request Body:
{
	"telefone": "5185146811",
	"unidade": "XXX",
	"iduser": "56464",
	"nomeboleto": "1532000308_20230210_105132.pdf",
	"nomedevedor": "ELISANGELA SILVA DOS"
}
Response Body:
Boleto encaminhado para envio
Response: 200 4.061 ms 

Request: POST /envia-whats at Fri Feb 10 2023 10:53:25 GMT-0300, IP: ::ffff:127.0.0.1, User Agent: python-requests/2.27.1
Request Body:
{
	"telefone": "5185146811",
	"unidade": "XXX",
	"iduser": "56464",
	"nomeboleto": "1532000308_20230210_105325.pdf",
	"nomedevedor": "ELISANGELA SILVA DOS"
}
Response Body:
Boleto encaminhado para envio
Response: 200 20.580 ms 

Request: POST /envia-whats at Fri Feb 10 2023 12:57:09 GMT-0300, IP: ::ffff:127.0.0.1, User Agent: python-requests/2.27.1
Request Body:
{
	"telefone": "5185146811",
	"unidade": "XXX",
	"iduser": "56464",
	"nomeboleto": "1532000308_20230210_125708.pdf",
	"nomedevedor": "ELISANGELA SILVA DOS"
}
Response Body:
Boleto encaminhado para envio
Response: 200 21.455 ms 

Request: POST /envia-whats at Fri Feb 10 2023 13:13:06 GMT-0300, IP: ::ffff:127.0.0.1, User Agent: python-requests/2.27.1
Request Body:
{
	"telefone": "5185146811",
	"unidade": "XXX",
	"iduser": "56464",
	"nomeboleto": "1532000308_20230210_131306.pdf",
	"nomedevedor": "ELISANGELA SILVA DOS"
}
Response Body:
Boleto encaminhado para envio
Response: 200 4.532 ms 

Request: POST /envia-whats at Fri Feb 10 2023 13:13:46 GMT-0300, IP: ::ffff:127.0.0.1, User Agent: python-requests/2.27.1
Request Body:
{
	"telefone": "5185146811",
	"unidade": "XXX",
	"iduser": "56464",
	"nomeboleto": "1532000308_20230210_131346.pdf",
	"nomedevedor": "ELISANGELA SILVA DOS"
}
Response Body:
Boleto encaminhado para envio
Response: 200 5.526 ms 

Request: POST /envia-whats at Fri Feb 10 2023 13:15:19 GMT-0300, IP: ::ffff:127.0.0.1, User Agent: python-requests/2.27.1
Request Body:
{
	"telefone": "5185146811",
	"unidade": "XXX",
	"iduser": "56464",
	"nomeboleto": "1532000308_20230210_131519.pdf",
	"nomedevedor": "ELISANGELA SILVA DOS"
}
Response Body:
Boleto encaminhado para envio
Response: 200 4.699 ms 

Request: POST /envia-whats at Fri Feb 10 2023 13:16:34 GMT-0300, IP: ::ffff:127.0.0.1, User Agent: python-requests/2.27.1
Request Body:
{
	"telefone": "5185146811",
	"unidade": "XXX",
	"iduser": "56464",
	"nomeboleto": "1532000308_20230210_131634.pdf",
	"nomedevedor": "ELISANGELA SILVA DOS"
}
Response Body:
Boleto encaminhado para envio
Response: 200 4.892 ms 

Request: POST /envia-whats at Fri Feb 10 2023 13:16:44 GMT-0300, IP: ::ffff:127.0.0.1, User Agent: python-requests/2.27.1
Request Body:
{
	"telefone": "51985146811",
	"unidade": "XXX",
	"iduser": "56464",
	"nomeboleto": "1532000308_20230210_131644.pdf",
	"nomedevedor": "ELISANGELA SILVA DOS"
}
Response Body:
Boleto encaminhado para envio
Response: 200 2.395 ms 

Request: POST /envia-whats at Fri Feb 10 2023 13:18:54 GMT-0300, IP: ::ffff:127.0.0.1, User Agent: python-requests/2.27.1
Request Body:
{
	"telefone": "51985146811",
	"unidade": "XXX",
	"iduser": "56464",
	"nomeboleto": "1532000308_20230210_131854.pdf",
	"nomedevedor": "ELISANGELA SILVA DOS"
}
Response Body:
Boleto encaminhado para envio
Response: 200 5.512 ms 

Request: POST /envia-whats at Fri Feb 10 2023 13:20:01 GMT-0300, IP: ::ffff:127.0.0.1, User Agent: python-requests/2.27.1
Request Body:
{
	"telefone": "5185146811",
	"unidade": "XXX",
	"iduser": "56464",
	"nomeboleto": "1532000308_20230210_132001.pdf",
	"nomedevedor": "ELISANGELA SILVA DOS"
}
Response Body:
Boleto encaminhado para envio
Response: 200 5.484 ms 

Request: POST /envia-whats at Fri Feb 10 2023 13:22:34 GMT-0300, IP: ::ffff:127.0.0.1, User Agent: python-requests/2.27.1
Request Body:
{
	"telefone": "5185146811",
	"unidade": "XXX",
	"iduser": "56464",
	"nomeboleto": "1532000308_20230210_132234.pdf",
	"nomedevedor": "ELISANGELA SILVA DOS"
}
Response Body:
Boleto encaminhado para envio
Response: 200 4.588 ms 

Request: POST /envia-whats at Fri Feb 10 2023 13:24:41 GMT-0300, IP: ::ffff:127.0.0.1, User Agent: python-requests/2.27.1
Request Body:
{
	"telefone": "5185146811",
	"unidade": "XXX",
	"iduser": "56464",
	"nomeboleto": "1532000308_20230210_132441.pdf",
	"nomedevedor": "ELISANGELA SILVA DOS"
}
Response Body:
Boleto encaminhado para envio
Response: 200 6.859 ms 

Request: POST /envia-whats at Fri Feb 10 2023 13:44:45 GMT-0300, IP: ::ffff:127.0.0.1, User Agent: python-requests/2.27.1
Request Body:
{
	"telefone": "5185146811",
	"unidade": "XXX",
	"iduser": "56464",
	"nomeboleto": "1532000308_20230210_134445.pdf",
	"nomedevedor": "ELISANGELA SILVA DOS"
}
Response Body:
Boleto encaminhado para envio
Response: 200 4.809 ms 

Request: POST /envia-whats at Fri Feb 10 2023 13:45:26 GMT-0300, IP: ::ffff:127.0.0.1, User Agent: python-requests/2.27.1
Request Body:
{
	"telefone": "5185146811",
	"unidade": "XXX",
	"iduser": "56464",
	"nomeboleto": "1532000308_20230210_134526.pdf",
	"nomedevedor": "ELISANGELA SILVA DOS"
}
Response Body:
Boleto encaminhado para envio
Response: 200 3.985 ms 

Request: POST /envia-whats at Fri Feb 10 2023 13:50:36 GMT-0300, IP: ::ffff:127.0.0.1, User Agent: python-requests/2.27.1
Request Body:
{
	"telefone": "5185146811",
	"unidade": "XXX",
	"iduser": "56464",
	"nomeboleto": "1532000308_20230210_135036.pdf",
	"nomedevedor": "ELISANGELA SILVA DOS"
}
Response Body:
Boleto encaminhado para envio
Response: 200 3.474 ms 

Request: POST /envia-whats at Fri Feb 10 2023 14:18:08 GMT-0300, IP: ::ffff:127.0.0.1, User Agent: python-requests/2.27.1
Request Body:
{
	"telefone": "51985146811",
	"unidade": "XXX",
	"iduser": "56464",
	"nomeboleto": "1532000308_20230210_141808.pdf",
	"nomedevedor": "ELISANGELA SILVA DOS"
}
Response Body:
Boleto encaminhado para envio
Response: 200 8.660 ms 

Request: POST /envia-whats at Fri Feb 10 2023 14:20:13 GMT-0300, IP: ::ffff:127.0.0.1, User Agent: python-requests/2.27.1
Request Body:
{
	"telefone": "5185146811",
	"unidade": "XXX",
	"iduser": "56464",
	"nomeboleto": "1532000308_20230210_142013.pdf",
	"nomedevedor": "ELISANGELA SILVA DOS"
}
Response Body:
Boleto encaminhado para envio
Response: 200 5.264 ms 

Request: POST /envia-whats at Fri Feb 10 2023 14:39:08 GMT-0300, IP: ::ffff:127.0.0.1, User Agent: python-requests/2.27.1

Request: POST /envia-whats at Fri Feb 10 2023 14:43:24 GMT-0300, IP: ::ffff:127.0.0.1, User Agent: python-requests/2.27.1

Request: POST /envia-whats at Fri Feb 10 2023 14:45:27 GMT-0300, IP: ::ffff:127.0.0.1, User Agent: python-requests/2.27.1
Request Body:
{
	"telefone": "5185146811",
	"unidade": "XXX",
	"iduser": "56464",
	"nomeboleto": "1532000308_20230210_144526.pdf",
	"nomedevedor": "ELISANGELA SILVA DOS"
}
Response Body:
Boleto encaminhado para envio
Response: 200 3.814 ms 

Request: POST /envia-whats at Fri Feb 10 2023 14:46:22 GMT-0300, IP: ::ffff:127.0.0.1, User Agent: python-requests/2.27.1
Request Body:
{
	"telefone": "5185146811",
	"unidade": "XXX",
	"iduser": "56464",
	"nomeboleto": "1532000308_20230210_144622.pdf",
	"nomedevedor": "ELISANGELA SILVA DOS"
}
Response Body:
Boleto encaminhado para envio
Response: 200 5.807 ms 

Request: POST /envia-whats at Fri Feb 10 2023 15:01:16 GMT-0300, IP: ::ffff:127.0.0.1, User Agent: python-requests/2.27.1
Request Body:
{
	"telefone": "5185146811",
	"unidade": "XXX",
	"iduser": "56464",
	"nomeboleto": "1532000308_20230210_150116.pdf",
	"nomedevedor": "ELISANGELA SILVA DOS"
}
Response Body:
Boleto encaminhado para envio
Response: 200 4.345 ms 

Request: POST /envia-whats at Fri Feb 10 2023 15:02:58 GMT-0300, IP: ::ffff:127.0.0.1, User Agent: python-requests/2.27.1
Request Body:
{
	"telefone": "5185146811",
	"unidade": "XXX",
	"iduser": "56464",
	"nomeboleto": "1532000308_20230210_150258.pdf",
	"nomedevedor": "ELISANGELA SILVA DOS"
}
Response Body:
Boleto encaminhado para envio
Response: 200 8.328 ms 

Request: POST /envia-whats at Fri Feb 10 2023 15:09:45 GMT-0300, IP: ::ffff:127.0.0.1, User Agent: python-requests/2.27.1
Request Body:
{
	"telefone": "5185146811",
	"unidade": "XXX",
	"iduser": "56464",
	"nomeboleto": "1532000308_20230210_150945.pdf",
	"nomedevedor": "ELISANGELA SILVA DOS"
}
Response Body:
Boleto encaminhado para envio
Response: 200 18.188 ms 

Request: POST /envia-whats at Fri Feb 10 2023 15:13:19 GMT-0300, IP: ::ffff:127.0.0.1, User Agent: python-requests/2.27.1
Request Body:
{
	"telefone": "5185146811",
	"unidade": "XXX",
	"iduser": "56464",
	"nomeboleto": "1532000308_20230210_151319.pdf",
	"nomedevedor": "ELISANGELA SILVA DOS"
}
Response Body:
Boleto encaminhado para envio
Response: 200 20.334 ms 

Request: POST /envia-whats at Fri Feb 10 2023 15:14:50 GMT-0300, IP: ::ffff:127.0.0.1, User Agent: python-requests/2.27.1
Request Body:
{
	"telefone": "5185146811",
	"unidade": "XXX",
	"iduser": "56464",
	"nomeboleto": "1532000308_20230210_151450.pdf",
	"nomedevedor": "ELISANGELA SILVA DOS"
}
Response Body:
Boleto encaminhado para envio
Response: 200 19.088 ms 

Request: POST /envia-whats at Fri Feb 10 2023 15:26:18 GMT-0300, IP: ::ffff:127.0.0.1, User Agent: python-requests/2.27.1
Request Body:
{
	"telefone": "5185146811",
	"unidade": "XXX",
	"iduser": "56464",
	"nomeboleto": "1532000308_20230210_152618.pdf",
	"nomedevedor": "ELISANGELA SILVA DOS"
}
Response Body:
Boleto encaminhado para envio
Response: 200 14.683 ms 

Request: POST /envia-whats at Fri Feb 10 2023 15:48:44 GMT-0300, IP: ::ffff:127.0.0.1, User Agent: python-requests/2.27.1
Request Body:
{
	"telefone": "5185146811",
	"unidade": "XXX",
	"iduser": "56464",
	"nomeboleto": "1532000308_20230210_154844.pdf",
	"nomedevedor": "ELISANGELA SILVA DOS"
}
Response Body:
Boleto encaminhado para envio
Response: 200 17.326 ms 

Request: POST /envia-whats at Fri Feb 10 2023 15:55:06 GMT-0300, IP: ::ffff:127.0.0.1, User Agent: python-requests/2.27.1
Request Body:
{
	"telefone": "5185146811",
	"unidade": "XXX",
	"iduser": "56464",
	"nomeboleto": "1532000308_20230210_155505.pdf",
	"nomedevedor": "ELISANGELA SILVA DOS"
}
Response Body:
Boleto encaminhado para envio
Response: 200 18.551 ms 

Request: POST /envia-whats at Fri Feb 10 2023 16:00:18 GMT-0300, IP: ::ffff:127.0.0.1, User Agent: python-requests/2.27.1
Request Body:
{
	"telefone": "5185146811",
	"unidade": "XXX",
	"iduser": "56464",
	"nomeboleto": "1532000308_20230210_160018.pdf",
	"nomedevedor": "ELISANGELA SILVA DOS"
}
Response Body:
Boleto encaminhado para envio
Response: 200 4.573 ms 

Request: POST /envia-whats at Fri Feb 10 2023 16:00:33 GMT-0300, IP: ::ffff:127.0.0.1, User Agent: python-requests/2.27.1
Request Body:
{
	"telefone": "51985146811",
	"unidade": "XXX",
	"iduser": "56464",
	"nomeboleto": "1532000308_20230210_160033.pdf",
	"nomedevedor": "ELISANGELA SILVA DOS"
}
Response Body:
Boleto encaminhado para envio
Response: 200 2.341 ms 

Request: POST /envia-whats at Fri Feb 10 2023 16:05:49 GMT-0300, IP: ::ffff:127.0.0.1, User Agent: python-requests/2.27.1
Request Body:
{
	"telefone": "51985146811",
	"unidade": "XXX",
	"iduser": "56464",
	"nomeboleto": "1532000308_20230210_160549.pdf",
	"nomedevedor": "ELISANGELA SILVA DOS"
}
Response Body:
Boleto encaminhado para envio
Response: 200 6.119 ms 

Request: POST /envia-whats at Fri Feb 10 2023 16:07:59 GMT-0300, IP: ::ffff:127.0.0.1, User Agent: python-requests/2.27.1
Request Body:
{
	"telefone": "51985146811",
	"unidade": "XXX",
	"iduser": "56464",
	"nomeboleto": "1532000308_20230210_160759.pdf",
	"nomedevedor": "ELISANGELA SILVA DOS"
}
Response Body:
Boleto encaminhado para envio
Response: 200 5.771 ms 

Request: POST /envia-whats at Fri Feb 10 2023 16:10:19 GMT-0300, IP: ::ffff:127.0.0.1, User Agent: python-requests/2.27.1
Request Body:
{
	"telefone": "51985146811",
	"unidade": "XXX",
	"iduser": "56464",
	"nomeboleto": "1532000308_20230210_161019.pdf",
	"nomedevedor": "ELISANGELA SILVA DOS"
}
Response Body:
Boleto encaminhado para envio
Response: 200 5.378 ms 

Request: POST /envia-whats at Fri Feb 10 2023 16:11:31 GMT-0300, IP: ::ffff:127.0.0.1, User Agent: python-requests/2.27.1
Request Body:
{
	"telefone": "51985146811",
	"unidade": "XXX",
	"iduser": "56464",
	"nomeboleto": "1532000308_20230210_161131.pdf",
	"nomedevedor": "ELISANGELA SILVA DOS"
}
Response Body:
Boleto encaminhado para envio
Response: 200 4.463 ms 

Request: POST /envia-whats at Fri Feb 10 2023 16:31:56 GMT-0300, IP: ::ffff:127.0.0.1, User Agent: python-requests/2.27.1
Request Body:
{
	"telefone": "51985146811",
	"unidade": "XXX",
	"iduser": "56464",
	"nomeboleto": "1532000308_20230210_163156.pdf",
	"nomedevedor": "ELISANGELA SILVA DOS"
}
Response Body:
Boleto encaminhado para envio
Response: 200 4.281 ms 

Request: POST /envia-whats at Fri Feb 10 2023 16:32:17 GMT-0300, IP: ::ffff:127.0.0.1, User Agent: python-requests/2.27.1
Request Body:
{
	"telefone": "5185146811",
	"unidade": "XXX",
	"iduser": "56464",
	"nomeboleto": "1532000308_20230210_163217.pdf",
	"nomedevedor": "ELISANGELA SILVA DOS"
}
Response Body:
Boleto encaminhado para envio
Response: 200 1.715 ms 

Request: POST /envia-whats at Fri Feb 10 2023 16:55:05 GMT-0300, IP: ::ffff:127.0.0.1, User Agent: python-requests/2.27.1
Request Body:
{
	"telefone": "51985146811",
	"unidade": "XXX",
	"iduser": "56464",
	"nomeboleto": "1532000308_20230210_165505.pdf",
	"nomedevedor": "ELISANGELA SILVA DOS"
}
Response Body:
Boleto encaminhado para envio
Response: 200 2.679 ms 

Request: POST /envia-whats at Fri Feb 10 2023 17:00:20 GMT-0300, IP: ::ffff:127.0.0.1, User Agent: python-requests/2.27.1
Request Body:
{
	"telefone": "51985146811",
	"unidade": "XXX",
	"iduser": "56464",
	"nomeboleto": "1532000308_20230210_170020.pdf",
	"nomedevedor": "ELISANGELA SILVA DOS"
}
Response Body:
Boleto encaminhado para envio
Response: 200 4.441 ms 

Request: POST /envia-whats at Mon Feb 13 2023 13:10:04 GMT-0300, IP: ::ffff:127.0.0.1, User Agent: python-requests/2.27.1
Request Body:
{
	"telefone": "85146811",
	"unidade": "PA5",
	"iduser": "61411",
	"nomeboleto": "1539602337_20230213_131004.pdf",
	"nomedevedor": "GIULIANO GOMES DOS SANTOS"
}
Response Body:
Boleto encaminhado para envio
Response: 200 3.747 ms 

Request: POST /envia-whats at Mon Feb 13 2023 13:13:17 GMT-0300, IP: ::ffff:127.0.0.1, User Agent: python-requests/2.27.1
Request Body:
{
	"telefone": "85146811",
	"unidade": "PA5",
	"iduser": "61411",
	"nomeboleto": "1527004319_20230213_131317.pdf",
	"nomedevedor": "ANA PAULA RITTER"
}
Response Body:
Boleto encaminhado para envio
Response: 200 2.210 ms 

Request: POST /envia-whats at Mon Feb 13 2023 13:15:10 GMT-0300, IP: ::ffff:127.0.0.1, User Agent: python-requests/2.27.1
Request Body:
{
	"telefone": "85146811",
	"unidade": "PA5",
	"iduser": "61411",
	"nomeboleto": "1527004319_20230213_131510.pdf",
	"nomedevedor": "ANA PAULA RITTER"
}
Response Body:
Boleto encaminhado para envio
Response: 200 4.716 ms 

Request: POST /envia-whats at Mon Feb 13 2023 13:35:37 GMT-0300, IP: ::ffff:127.0.0.1, User Agent: python-requests/2.27.1
Request Body:
{
	"telefone": "85146811",
	"unidade": "PA5",
	"iduser": "61411",
	"nomeboleto": "1527004319_20230213_133537.pdf",
	"nomedevedor": "ANA PAULA RITTER"
}
Response Body:
Boleto encaminhado para envio
Response: 200 3.573 ms 

Request: POST /envia-whats at Mon Feb 13 2023 13:36:48 GMT-0300, IP: ::ffff:127.0.0.1, User Agent: python-requests/2.27.1
Request Body:
{
	"telefone": "85146811",
	"unidade": "PA5",
	"iduser": "61411",
	"nomeboleto": "1527004319_20230213_133648.pdf",
	"nomedevedor": "ANA PAULA RITTER"
}
Response Body:
Boleto encaminhado para envio
Response: 200 3.432 ms 

Request: POST /envia-whats at Mon Feb 13 2023 13:37:50 GMT-0300, IP: ::ffff:127.0.0.1, User Agent: python-requests/2.27.1
Request Body:
{
	"telefone": "85146811",
	"unidade": "PA5",
	"iduser": "61411",
	"nomeboleto": "1527004319_20230213_133750.pdf",
	"nomedevedor": "ANA PAULA RITTER"
}
Response Body:
Boleto encaminhado para envio
Response: 200 6.903 ms 

Request: POST /envia-whats at Mon Feb 13 2023 13:40:36 GMT-0300, IP: ::ffff:127.0.0.1, User Agent: python-requests/2.27.1
Request Body:
{
	"telefone": "4585146811",
	"unidade": "PA5",
	"iduser": "61411",
	"nomeboleto": "1527004319_20230213_134036.pdf",
	"nomedevedor": "ANA PAULA RITTER"
}
Response Body:
Boleto encaminhado para envio
Response: 200 8.383 ms 

Request: POST /envia-whats at Mon Feb 13 2023 13:41:37 GMT-0300, IP: ::ffff:127.0.0.1, User Agent: python-requests/2.27.1
Request Body:
{
	"telefone": "4585146811",
	"unidade": "PA5",
	"iduser": "61411",
	"nomeboleto": "1527004319_20230213_134137.pdf",
	"nomedevedor": "ANA PAULA RITTER"
}
Response Body:
Boleto encaminhado para envio
Response: 200 3.676 ms 

Request: POST /envia-whats at Mon Feb 13 2023 13:42:52 GMT-0300, IP: ::ffff:127.0.0.1, User Agent: python-requests/2.27.1
Request Body:
{
	"telefone": "85146811",
	"unidade": "PA5",
	"iduser": "61411",
	"nomeboleto": "1527004319_20230213_134252.pdf",
	"nomedevedor": "ANA PAULA RITTER"
}
Response Body:
Boleto encaminhado para envio
Response: 200 3.600 ms 

Request: POST /envia-whats at Mon Feb 13 2023 13:46:35 GMT-0300, IP: ::ffff:127.0.0.1, User Agent: python-requests/2.27.1
Request Body:
{
	"telefone": "85146811",
	"unidade": "PA5",
	"iduser": "61411",
	"nomeboleto": "1527004319_20230213_134635.pdf",
	"nomedevedor": "ANA PAULA RITTER"
}
Response Body:
Boleto encaminhado para envio
Response: 200 3.880 ms 

Request: POST /envia-whats at Mon Feb 13 2023 13:46:46 GMT-0300, IP: ::ffff:127.0.0.1, User Agent: python-requests/2.27.1
Request Body:
{
	"telefone": "4585146811",
	"unidade": "PA5",
	"iduser": "61411",
	"nomeboleto": "1527004319_20230213_134646.pdf",
	"nomedevedor": "ANA PAULA RITTER"
}
Response Body:
Boleto encaminhado para envio
Response: 200 1.611 ms 

Request: POST /envia-whats at Mon Feb 13 2023 13:47:49 GMT-0300, IP: ::ffff:127.0.0.1, User Agent: python-requests/2.27.1
Request Body:
{
	"telefone": "4585146811",
	"unidade": "PA5",
	"iduser": "61411",
	"nomeboleto": "1527004319_20230213_134749.pdf",
	"nomedevedor": "ANA PAULA RITTER"
}
Response Body:
Boleto encaminhado para envio
Response: 200 3.372 ms 

Request: POST /envia-whats at Mon Feb 13 2023 14:20:12 GMT-0300, IP: ::ffff:127.0.0.1, User Agent: python-requests/2.27.1
Request Body:
{
	"telefone": "4585146811",
	"unidade": "PA5",
	"iduser": "61411",
	"nomeboleto": "1527004319_20230213_142012.pdf",
	"nomedevedor": "ANA PAULA RITTER"
}
Response Body:
Boleto encaminhado para envio
Response: 200 3.296 ms 

Request: POST /envia-whats at Mon Feb 13 2023 14:21:33 GMT-0300, IP: ::ffff:127.0.0.1, User Agent: python-requests/2.27.1
Request Body:
{
	"telefone": "85146811",
	"unidade": "PA5",
	"iduser": "61411",
	"nomeboleto": "1527004319_20230213_142133.pdf",
	"nomedevedor": "ANA PAULA RITTER"
}
Response Body:
Boleto encaminhado para envio
Response: 200 4.188 ms 

Request: POST /envia-whats at Mon Feb 13 2023 14:23:28 GMT-0300, IP: ::ffff:127.0.0.1, User Agent: python-requests/2.27.1
Request Body:
{
	"telefone": "85146811",
	"unidade": "PA5",
	"iduser": "61411",
	"nomeboleto": "1527004319_20230213_142328.pdf",
	"nomedevedor": "ANA PAULA RITTER"
}
Response Body:
Boleto encaminhado para envio
Response: 200 3.470 ms 

Request: POST /envia-whats at Mon Feb 13 2023 14:25:19 GMT-0300, IP: ::ffff:127.0.0.1, User Agent: python-requests/2.27.1
Request Body:
{
	"telefone": "85146811",
	"unidade": "PA5",
	"iduser": "61411",
	"nomeboleto": "1527004319_20230213_142519.pdf",
	"nomedevedor": "ANA PAULA RITTER"
}
Response Body:
Boleto encaminhado para envio
Response: 200 4.014 ms 

Request: POST /envia-whats at Mon Feb 13 2023 14:39:28 GMT-0300, IP: ::ffff:127.0.0.1, User Agent: python-requests/2.27.1
Request Body:
{
	"telefone": "5185146811",
	"unidade": "PA5",
	"iduser": "61411",
	"nomeboleto": "1527004319_20230213_143928.pdf",
	"nomedevedor": "ANA PAULA RITTER"
}
Response Body:
Boleto encaminhado para envio
Response: 200 2.337 ms 

Request: POST /envia-whats at Mon Feb 13 2023 14:40:30 GMT-0300, IP: ::ffff:127.0.0.1, User Agent: python-requests/2.27.1
Request Body:
{
	"telefone": "85146811",
	"unidade": "PA5",
	"iduser": "61411",
	"nomeboleto": "1527004319_20230213_144030.pdf",
	"nomedevedor": "ANA PAULA RITTER"
}
Response Body:
Boleto encaminhado para envio
Response: 200 1.321 ms 

Request: POST /envia-whats at Mon Feb 13 2023 14:41:35 GMT-0300, IP: ::ffff:127.0.0.1, User Agent: python-requests/2.27.1
Request Body:
{
	"telefone": "85146811",
	"unidade": "PA5",
	"iduser": "61411",
	"nomeboleto": "1527004319_20230213_144135.pdf",
	"nomedevedor": "ANA PAULA RITTER"
}
Response Body:
Boleto encaminhado para envio
Response: 200 3.622 ms 

Request: POST /envia-whats at Mon Feb 13 2023 14:43:27 GMT-0300, IP: ::ffff:127.0.0.1, User Agent: python-requests/2.27.1
Request Body:
{
	"telefone": "85146811",
	"unidade": "PA5",
	"iduser": "61411",
	"nomeboleto": "1527004319_20230213_144327.pdf",
	"nomedevedor": "ANA PAULA RITTER"
}
Response Body:
Boleto encaminhado para envio
Response: 200 3.647 ms 

Request: POST /envia-whats at Mon Feb 13 2023 14:44:05 GMT-0300, IP: ::ffff:127.0.0.1, User Agent: python-requests/2.27.1
Request Body:
{
	"telefone": "85146811",
	"unidade": "PA5",
	"iduser": "61411",
	"nomeboleto": "1527004319_20230213_144405.pdf",
	"nomedevedor": "ANA PAULA RITTER"
}
Response Body:
Boleto encaminhado para envio
Response: 200 1.581 ms 

Request: POST /envia-whats at Mon Feb 13 2023 14:44:17 GMT-0300, IP: ::ffff:127.0.0.1, User Agent: python-requests/2.27.1
Request Body:
{
	"telefone": "99457816",
	"unidade": "PA5",
	"iduser": "61411",
	"nomeboleto": "1527004319_20230213_144417.pdf",
	"nomedevedor": "ANA PAULA RITTER"
}
Response Body:
Boleto encaminhado para envio
Response: 200 1.311 ms 

Request: POST /envia-whats at Mon Feb 13 2023 14:48:12 GMT-0300, IP: ::ffff:127.0.0.1, User Agent: python-requests/2.27.1
Request Body:
{
	"telefone": "5185146811",
	"unidade": "PA5",
	"iduser": "61411",
	"nomeboleto": "1527004319_20230213_144812.pdf",
	"nomedevedor": "ANA PAULA RITTER"
}
Response Body:
Boleto encaminhado para envio
Response: 200 5.119 ms 

Request: POST /envia-whats at Mon Feb 13 2023 14:48:52 GMT-0300, IP: ::ffff:127.0.0.1, User Agent: python-requests/2.27.1
Request Body:
{
	"telefone": "85146811",
	"unidade": "PA5",
	"iduser": "61411",
	"nomeboleto": "1527004319_20230213_144852.pdf",
	"nomedevedor": "ANA PAULA RITTER"
}
Response Body:
Boleto encaminhado para envio
Response: 200 2.128 ms 

Request: POST /envia-whats at Mon Feb 13 2023 14:50:33 GMT-0300, IP: ::ffff:127.0.0.1, User Agent: python-requests/2.27.1
Request Body:
{
	"telefone": "85146811",
	"unidade": "PA5",
	"iduser": "61411",
	"nomeboleto": "1527004319_20230213_145033.pdf",
	"nomedevedor": "ANA PAULA RITTER"
}
Response Body:
Boleto encaminhado para envio
Response: 200 3.613 ms 

Request: POST /envia-whats at Mon Feb 13 2023 14:52:09 GMT-0300, IP: ::ffff:127.0.0.1, User Agent: python-requests/2.27.1
Request Body:
{
	"telefone": "5185146811",
	"unidade": "PA5",
	"iduser": "61411",
	"nomeboleto": "1527004319_20230213_145209.pdf",
	"nomedevedor": "ANA PAULA RITTER"
}
Response Body:
Boleto encaminhado para envio
Response: 200 3.544 ms 

Request: POST /envia-whats at Mon Feb 13 2023 14:52:16 GMT-0300, IP: ::ffff:127.0.0.1, User Agent: python-requests/2.27.1
Request Body:
{
	"telefone": "85146811",
	"unidade": "PA5",
	"iduser": "61411",
	"nomeboleto": "1527004319_20230213_145216.pdf",
	"nomedevedor": "ANA PAULA RITTER"
}
Response Body:
Boleto encaminhado para envio
Response: 200 1.536 ms 

Request: POST /envia-whats at Mon Feb 13 2023 14:52:27 GMT-0300, IP: ::ffff:127.0.0.1, User Agent: python-requests/2.27.1
Request Body:
{
	"telefone": "4585146811",
	"unidade": "PA5",
	"iduser": "61411",
	"nomeboleto": "1527004319_20230213_145227.pdf",
	"nomedevedor": "ANA PAULA RITTER"
}
Response Body:
Boleto encaminhado para envio
Response: 200 1.652 ms 

Request: POST /envia-whats at Mon Feb 13 2023 15:01:32 GMT-0300, IP: ::ffff:127.0.0.1, User Agent: python-requests/2.27.1
Request Body:
{
	"telefone": "4585146811",
	"unidade": "PA5",
	"iduser": "61411",
	"nomeboleto": "1527004319_20230213_150132.pdf",
	"nomedevedor": "ANA PAULA RITTER"
}
Response Body:
Boleto encaminhado para envio
Response: 200 3.942 ms 

Request: POST /envia-whats at Mon Feb 13 2023 15:03:09 GMT-0300, IP: ::ffff:127.0.0.1, User Agent: python-requests/2.27.1
Request Body:
{
	"telefone": "4585146811",
	"unidade": "PA5",
	"iduser": "61411",
	"nomeboleto": "1527004319_20230213_150309.pdf",
	"nomedevedor": "ANA PAULA RITTER"
}
Response Body:
Boleto encaminhado para envio
Response: 200 5.753 ms 

Request: POST /envia-whats at Mon Feb 13 2023 15:08:46 GMT-0300, IP: ::ffff:127.0.0.1, User Agent: python-requests/2.27.1
Request Body:
{
	"telefone": "98163497",
	"unidade": "PA5",
	"iduser": "61411",
	"nomeboleto": "1527004319_20230213_150846.pdf",
	"nomedevedor": "ANA PAULA RITTER"
}
Response Body:
Boleto encaminhado para envio
Response: 200 3.286 ms 

Request: POST /envia-whats at Mon Feb 13 2023 15:30:09 GMT-0300, IP: ::ffff:127.0.0.1, User Agent: python-requests/2.27.1
Request Body:
{
	"telefone": "85146811",
	"unidade": "PA5",
	"iduser": "61411",
	"nomeboleto": "1527004319_20230213_153009.pdf",
	"nomedevedor": "ANA PAULA RITTER"
}
Response Body:
Boleto encaminhado para envio
Response: 200 1.700 ms 

Request: POST /envia-whats at Mon Feb 13 2023 16:23:56 GMT-0300, IP: ::ffff:127.0.0.1, User Agent: python-requests/2.27.1
Request Body:
{
	"telefone": "5185146811",
	"unidade": "PA5",
	"iduser": "61411",
	"nomeboleto": "1527004319_20230213_162356.pdf",
	"nomedevedor": "ANA PAULA RITTER"
}
Response Body:
Boleto encaminhado para envio
Response: 200 4.234 ms 

Request: POST /envia-whats at Mon Feb 13 2023 16:24:04 GMT-0300, IP: ::ffff:127.0.0.1, User Agent: python-requests/2.27.1
Request Body:
{
	"telefone": "85146811",
	"unidade": "PA5",
	"iduser": "61411",
	"nomeboleto": "1527004319_20230213_162404.pdf",
	"nomedevedor": "ANA PAULA RITTER"
}
Response Body:
Boleto encaminhado para envio
Response: 200 1.520 ms 

Request: POST /envia-whats at Mon Feb 13 2023 16:24:16 GMT-0300, IP: ::ffff:127.0.0.1, User Agent: python-requests/2.27.1
Request Body:
{
	"telefone": "85146811",
	"unidade": "PA5",
	"iduser": "61411",
	"nomeboleto": "1527004319_20230213_162416.pdf",
	"nomedevedor": "ANA PAULA RITTER"
}
Response Body:
Boleto encaminhado para envio
Response: 200 1.329 ms 

Request: POST /envia-whats at Tue Feb 14 2023 09:08:19 GMT-0300, IP: ::ffff:127.0.0.1, User Agent: python-requests/2.27.1
Request Body:
{
	"telefone": "51985146811",
	"unidade": "PA5",
	"iduser": "61411",
	"nomeboleto": "1528950639_20230214_090819.pdf",
	"nomedevedor": "MARIA CELIANE DA SIL"
}
Response Body:
Boleto encaminhado para envio
Response: 200 2.398 ms 

Request: POST /envia-whats at Tue Feb 14 2023 09:30:44 GMT-0300, IP: ::ffff:127.0.0.1, User Agent: python-requests/2.27.1
Request Body:
{
	"telefone": "51985146811",
	"unidade": "PA5",
	"iduser": "61411",
	"nomeboleto": "1528950639_20230214_093044.pdf",
	"nomedevedor": "MARIA CELIANE DA SIL"
}
Response Body:
Boleto encaminhado para envio
Response: 200 4.215 ms 

Request: POST /envia-whats at Tue Feb 14 2023 09:32:04 GMT-0300, IP: ::ffff:127.0.0.1, User Agent: python-requests/2.27.1
Request Body:
{
	"telefone": "51985146811",
	"unidade": "PA5",
	"iduser": "61411",
	"nomeboleto": "1528950639_20230214_093204.pdf",
	"nomedevedor": "MARIA CELIANE DA SIL"
}
Response Body:
Boleto encaminhado para envio
Response: 200 3.173 ms 

Request: POST /envia-whats at Tue Feb 14 2023 09:34:05 GMT-0300, IP: ::ffff:127.0.0.1, User Agent: python-requests/2.27.1
Request Body:
{
	"telefone": "51985146811",
	"unidade": "PA5",
	"iduser": "61411",
	"nomeboleto": "1528950639_20230214_093405.pdf",
	"nomedevedor": "MARIA CELIANE DA SIL"
}
Response Body:
Boleto encaminhado para envio
Response: 200 4.303 ms 

Request: POST /envia-whats at Tue Feb 14 2023 09:35:26 GMT-0300, IP: ::ffff:127.0.0.1, User Agent: python-requests/2.27.1
Request Body:
{
	"telefone": "51985146811",
	"unidade": "PA5",
	"iduser": "61411",
	"nomeboleto": "1528950639_20230214_093526.pdf",
	"nomedevedor": "MARIA CELIANE DA SIL"
}
Response Body:
Boleto encaminhado para envio
Response: 200 3.575 ms 

Request: POST /envia-whats at Tue Feb 14 2023 09:37:17 GMT-0300, IP: ::ffff:127.0.0.1, User Agent: python-requests/2.27.1
Request Body:
{
	"telefone": "51985146811",
	"unidade": "PA5",
	"iduser": "61411",
	"nomeboleto": "1528950639_20230214_093717.pdf",
	"nomedevedor": "MARIA CELIANE DA SIL"
}
Response Body:
Boleto encaminhado para envio
Response: 200 3.849 ms 

Request: POST /envia-whats at Tue Feb 14 2023 09:51:35 GMT-0300, IP: ::ffff:127.0.0.1, User Agent: python-requests/2.27.1
Request Body:
{
	"telefone": "51985146811",
	"unidade": "PA5",
	"iduser": "61411",
	"nomeboleto": "1528950639_20230214_095135.pdf",
	"nomedevedor": "MARIA CELIANE DA SIL"
}
Response Body:
Boleto encaminhado para envio
Response: 200 2.610 ms 

Request: POST /envia-whats at Tue Feb 14 2023 09:51:41 GMT-0300, IP: ::ffff:127.0.0.1, User Agent: python-requests/2.27.1
Request Body:
{
	"telefone": "5185146811",
	"unidade": "PA5",
	"iduser": "61411",
	"nomeboleto": "1528950639_20230214_095141.pdf",
	"nomedevedor": "MARIA CELIANE DA SIL"
}
Response Body:
Boleto encaminhado para envio
Response: 200 1.337 ms 

Request: POST /envia-whats at Tue Feb 14 2023 10:11:19 GMT-0300, IP: ::ffff:127.0.0.1, User Agent: python-requests/2.27.1
Request Body:
{
	"telefone": "5185146811",
	"unidade": "PA5",
	"iduser": "61411",
	"nomeboleto": "1528950639_20230214_101119.pdf",
	"nomedevedor": "MARIA CELIANE DA SIL"
}
Response Body:
Boleto encaminhado para envio
Response: 200 3.140 ms 

Request: POST /envia-whats at Tue Feb 14 2023 10:19:26 GMT-0300, IP: ::ffff:127.0.0.1, User Agent: python-requests/2.27.1
Request Body:
{
	"telefone": "5185146811",
	"unidade": "PA5",
	"iduser": "61411",
	"nomeboleto": "1528950639_20230214_101926.pdf",
	"nomedevedor": "MARIA CELIANE DA SIL"
}
Response Body:
Boleto encaminhado para envio
Response: 200 8.277 ms 

Request: POST /envia-whats at Tue Feb 14 2023 10:21:19 GMT-0300, IP: ::ffff:127.0.0.1, User Agent: python-requests/2.27.1
Request Body:
{
	"telefone": "5185146811",
	"unidade": "PA5",
	"iduser": "61411",
	"nomeboleto": "1528950639_20230214_102119.pdf",
	"nomedevedor": "MARIA CELIANE DA SIL"
}
Response Body:
Boleto encaminhado para envio
Response: 200 4.028 ms 

Request: POST /envia-whats at Tue Feb 14 2023 10:23:50 GMT-0300, IP: ::ffff:127.0.0.1, User Agent: python-requests/2.27.1
Request Body:
{
	"telefone": "51985146811",
	"unidade": "PA5",
	"iduser": "61411",
	"nomeboleto": "1528950639_20230214_102350.pdf",
	"nomedevedor": "MARIA CELIANE DA SIL"
}
Response Body:
Boleto encaminhado para envio
Response: 200 1.691 ms 

Request: POST /envia-whats at Tue Feb 14 2023 10:26:20 GMT-0300, IP: ::ffff:127.0.0.1, User Agent: python-requests/2.27.1
Request Body:
{
	"telefone": "51985146811",
	"unidade": "PA5",
	"iduser": "61411",
	"nomeboleto": "1528950639_20230214_102620.pdf",
	"nomedevedor": "MARIA CELIANE DA SIL"
}
Response Body:
Boleto encaminhado para envio
Response: 200 3.533 ms 

Request: POST /envia-whats at Tue Feb 14 2023 10:29:54 GMT-0300, IP: ::ffff:127.0.0.1, User Agent: python-requests/2.27.1
Request Body:
{
	"telefone": "51985146811",
	"unidade": "PA5",
	"iduser": "61411",
	"nomeboleto": "1528950639_20230214_102954.pdf",
	"nomedevedor": "MARIA CELIANE DA SIL"
}
Response Body:
Boleto encaminhado para envio
Response: 200 3.881 ms 

Request: POST /envia-whats at Tue Feb 14 2023 10:30:34 GMT-0300, IP: ::ffff:127.0.0.1, User Agent: python-requests/2.27.1
Request Body:
{
	"telefone": "51985146811",
	"unidade": "PA5",
	"iduser": "61411",
	"nomeboleto": "1528950639_20230214_103034.pdf",
	"nomedevedor": "MARIA CELIANE DA SIL"
}
Response Body:
Boleto encaminhado para envio
Response: 200 7.043 ms 

Request: POST /envia-whats at Tue Feb 14 2023 10:41:46 GMT-0300, IP: ::ffff:127.0.0.1, User Agent: python-requests/2.27.1
Request Body:
{
	"telefone": "51985146811",
	"unidade": "PA5",
	"iduser": "61411",
	"nomeboleto": "1528950639_20230214_104146.pdf",
	"nomedevedor": "MARIA CELIANE DA SIL"
}
Response Body:
Boleto encaminhado para envio
Response: 200 3.486 ms 

Request: POST /envia-whats at Tue Feb 14 2023 10:44:19 GMT-0300, IP: ::ffff:127.0.0.1, User Agent: python-requests/2.27.1
Request Body:
{
	"telefone": "51985146811",
	"unidade": "PA5",
	"iduser": "61411",
	"nomeboleto": "1528950639_20230214_104419.pdf",
	"nomedevedor": "MARIA CELIANE DA SIL"
}
Response Body:
Boleto encaminhado para envio
Response: 200 3.606 ms 

Request: POST /envia-whats at Tue Feb 14 2023 10:45:16 GMT-0300, IP: ::ffff:127.0.0.1, User Agent: python-requests/2.27.1
Request Body:
{
	"telefone": "51985146811",
	"unidade": "PA5",
	"iduser": "61411",
	"nomeboleto": "1528950639_20230214_104516.pdf",
	"nomedevedor": "MARIA CELIANE DA SIL"
}
Response Body:
Boleto encaminhado para envio
Response: 200 3.389 ms 

Request: POST /envia-whats at Tue Feb 14 2023 11:01:20 GMT-0300, IP: ::ffff:127.0.0.1, User Agent: python-requests/2.27.1
Request Body:
{
	"telefone": "51985146811",
	"unidade": "PA5",
	"iduser": "61411",
	"nomeboleto": "1528950639_20230214_110120.pdf",
	"nomedevedor": "MARIA CELIANE DA SIL"
}
Response Body:
Boleto encaminhado para envio
Response: 200 5.533 ms 

Request: POST /envia-whats at Tue Feb 14 2023 11:11:01 GMT-0300, IP: ::ffff:127.0.0.1, User Agent: python-requests/2.27.1
Request Body:
{
	"telefone": "51985146811",
	"unidade": "PA5",
	"iduser": "61411",
	"nomeboleto": "1528950639_20230214_111101.pdf",
	"nomedevedor": "MARIA CELIANE DA SIL"
}
Response Body:
Boleto encaminhado para envio
Response: 200 4.255 ms 

Request: POST /envia-whats at Tue Feb 14 2023 12:51:26 GMT-0300, IP: ::ffff:127.0.0.1, User Agent: python-requests/2.27.1
Request Body:
{
	"telefone": "51985146811",
	"unidade": "PA5",
	"iduser": "61411",
	"nomeboleto": "1528950639_20230214_125126.pdf",
	"nomedevedor": "MARIA CELIANE DA SIL"
}
Response Body:
Boleto encaminhado para envio
Response: 200 4.040 ms 

Request: POST /envia-whats at Tue Feb 14 2023 12:52:36 GMT-0300, IP: ::ffff:127.0.0.1, User Agent: python-requests/2.27.1
Request Body:
{
	"telefone": "51985146811",
	"unidade": "PA5",
	"iduser": "61411",
	"nomeboleto": "1528950639_20230214_125236.pdf",
	"nomedevedor": "MARIA CELIANE DA SIL"
}
Response Body:
Boleto encaminhado para envio
Response: 200 5.082 ms 

Request: POST /envia-whats at Tue Feb 14 2023 13:50:19 GMT-0300, IP: ::ffff:127.0.0.1, User Agent: python-requests/2.27.1
Request Body:
{
	"telefone": "51985146811",
	"unidade": "PA5",
	"iduser": "61411",
	"nomeboleto": "1528950639_20230214_135019.pdf",
	"nomedevedor": "MARIA CELIANE DA SIL"
}
Response Body:
Boleto encaminhado para envio
Response: 200 3.219 ms 

Request: POST /envia-whats at Tue Feb 14 2023 13:52:45 GMT-0300, IP: ::ffff:127.0.0.1, User Agent: python-requests/2.27.1
Request Body:
{
	"telefone": "51985146811",
	"unidade": "PA5",
	"iduser": "61411",
	"nomeboleto": "1528950639_20230214_135245.pdf",
	"nomedevedor": "MARIA CELIANE DA SIL"
}
Response Body:
Boleto encaminhado para envio
Response: 200 3.244 ms 

Request: POST /envia-whats at Tue Feb 14 2023 13:53:00 GMT-0300, IP: ::ffff:127.0.0.1, User Agent: python-requests/2.27.1
Request Body:
{
	"telefone": "51985146811",
	"unidade": "PA5",
	"iduser": "61411",
	"nomeboleto": "1528950639_20230214_135300.pdf",
	"nomedevedor": "MARIA CELIANE DA SIL"
}
Response Body:
Boleto encaminhado para envio
Response: 200 1.436 ms 

Request: POST /envia-whats at Tue Feb 14 2023 13:54:09 GMT-0300, IP: ::ffff:127.0.0.1, User Agent: python-requests/2.27.1
Request Body:
{
	"telefone": "51985146811",
	"unidade": "PA5",
	"iduser": "61411",
	"nomeboleto": "1528950639_20230214_135409.pdf",
	"nomedevedor": "MARIA CELIANE DA SIL"
}
Response Body:
Boleto encaminhado para envio
Response: 200 3.232 ms 

Request: POST /envia-whats at Tue Feb 14 2023 14:11:58 GMT-0300, IP: ::ffff:127.0.0.1, User Agent: python-requests/2.27.1
Request Body:
{
	"telefone": "51985146811",
	"unidade": "PA5",
	"iduser": "61411",
	"nomeboleto": "1528950639_20230214_141158.pdf",
	"nomedevedor": "MARIA CELIANE DA SIL"
}
Response Body:
Boleto encaminhado para envio
Response: 200 3.725 ms 

Request: POST /envia-whats at Tue Feb 14 2023 14:13:23 GMT-0300, IP: ::ffff:127.0.0.1, User Agent: python-requests/2.27.1
Request Body:
{
	"telefone": "51985146811",
	"unidade": "PA5",
	"iduser": "61411",
	"nomeboleto": "1528950639_20230214_141323.pdf",
	"nomedevedor": "MARIA CELIANE DA SIL"
}
Response Body:
Boleto encaminhado para envio
Response: 200 6.152 ms 

Request: POST /envia-whats at Tue Feb 14 2023 14:23:01 GMT-0300, IP: ::ffff:127.0.0.1, User Agent: python-requests/2.27.1
Request Body:
{
	"telefone": "51985146811",
	"unidade": "PA5",
	"iduser": "61411",
	"nomeboleto": "1528950639_20230214_142301.pdf",
	"nomedevedor": "MARIA CELIANE DA SIL"
}
Response Body:
Boleto encaminhado para envio
Response: 200 5.626 ms 

Request: POST /envia-whats at Tue Feb 14 2023 14:32:52 GMT-0300, IP: ::ffff:127.0.0.1, User Agent: python-requests/2.27.1
Request Body:
{
	"telefone": "51985146811",
	"unidade": "PA5",
	"iduser": "61411",
	"nomeboleto": "1528950639_20230214_143252.pdf",
	"nomedevedor": "MARIA CELIANE DA SIL"
}
Response Body:
Boleto encaminhado para envio
Response: 200 3.366 ms 

Request: POST /envia-whats at Tue Feb 14 2023 14:34:36 GMT-0300, IP: ::ffff:127.0.0.1, User Agent: python-requests/2.27.1
Request Body:
{
	"telefone": "51985146811",
	"unidade": "PA5",
	"iduser": "61411",
	"nomeboleto": "1528950639_20230214_143436.pdf",
	"nomedevedor": "MARIA CELIANE DA SIL"
}
Response Body:
Boleto encaminhado para envio
Response: 200 6.239 ms 

Request: POST /envia-whats at Tue Feb 14 2023 14:35:07 GMT-0300, IP: ::ffff:127.0.0.1, User Agent: python-requests/2.27.1
Request Body:
{
	"telefone": "5185146811",
	"unidade": "PA5",
	"iduser": "61411",
	"nomeboleto": "1528950639_20230214_143507.pdf",
	"nomedevedor": "MARIA CELIANE DA SIL"
}
Response Body:
Boleto encaminhado para envio
Response: 200 1.748 ms 

Request: POST /envia-whats at Tue Feb 14 2023 14:45:46 GMT-0300, IP: ::ffff:127.0.0.1, User Agent: python-requests/2.27.1

Request: POST /envia-whats at Thu Feb 16 2023 09:45:15 GMT-0300, IP: ::ffff:127.0.0.1, User Agent: python-requests/2.27.1
Request Body:
{
	"telefone": "11952461591",
	"unidade": "PA5",
	"iduser": "68810",
	"nomeboleto": "1542371499_20230216_094514.pdf",
	"nomedevedor": "ARICEIA MARIA DE AQUINO RIBEIRO"
}
Response Body:
Boleto encaminhado para envio
Response: 200 3.901 ms 

Request: POST /envia-whats at Thu Feb 16 2023 10:00:33 GMT-0300, IP: ::ffff:127.0.0.1, User Agent: python-requests/2.27.1
Request Body:
{
	"telefone": "11952461591",
	"unidade": "PA5",
	"iduser": "68810",
	"nomeboleto": "1542371499_20230216_100033.pdf",
	"nomedevedor": "ARICEIA MARIA DE AQUINO RIBEIRO"
}
Response Body:
Boleto encaminhado para envio
Response: 200 6.397 ms 

Request: POST /envia-whats at Thu Feb 16 2023 10:01:57 GMT-0300, IP: ::ffff:127.0.0.1, User Agent: python-requests/2.27.1
Request Body:
{
	"telefone": "41984642586",
	"unidade": "PA5",
	"iduser": "68810",
	"nomeboleto": "1543021989_20230216_100157.pdf",
	"nomedevedor": "PAULO ROBERTO ALVES DA SILVA"
}
Response Body:
Boleto encaminhado para envio
Response: 200 6.168 ms 

Request: POST /envia-whats at Thu Feb 16 2023 10:03:18 GMT-0300, IP: ::ffff:127.0.0.1, User Agent: python-requests/2.27.1
Request Body:
{
	"telefone": "41984642586",
	"unidade": "PA5",
	"iduser": "68810",
	"nomeboleto": "1543021989_20230216_100318.pdf",
	"nomedevedor": "PAULO ROBERTO ALVES DA SILVA"
}
Response Body:
Boleto encaminhado para envio
Response: 200 3.616 ms 

Request: POST /envia-whats at Thu Feb 16 2023 10:12:20 GMT-0300, IP: ::ffff:127.0.0.1, User Agent: python-requests/2.27.1
Request Body:
{
	"telefone": "47996442906",
	"unidade": "PA5",
	"iduser": "68810",
	"nomeboleto": "1542375767_20230216_101220.pdf",
	"nomedevedor": "WELINGTON POLICENO"
}
Response Body:
Boleto encaminhado para envio
Response: 200 1.747 ms 

Request: POST /envia-whats at Thu Feb 16 2023 10:13:01 GMT-0300, IP: ::ffff:127.0.0.1, User Agent: python-requests/2.27.1
Request Body:
{
	"telefone": "41984642586",
	"unidade": "PA5",
	"iduser": "68810",
	"nomeboleto": "1543021989_20230216_101301.pdf",
	"nomedevedor": "PAULO ROBERTO ALVES DA SILVA"
}
Response Body:
Boleto encaminhado para envio
Response: 200 1.418 ms 

Request: POST /envia-whats at Thu Feb 16 2023 10:14:02 GMT-0300, IP: ::ffff:127.0.0.1, User Agent: python-requests/2.27.1
Request Body:
{
	"telefone": "41984642586",
	"unidade": "PA5",
	"iduser": "68810",
	"nomeboleto": "1543021989_20230216_101402.pdf",
	"nomedevedor": "PAULO ROBERTO ALVES DA SILVA"
}
Response Body:
Boleto encaminhado para envio
Response: 200 5.249 ms 

Request: POST /envia-whats at Thu Feb 16 2023 10:14:50 GMT-0300, IP: ::ffff:127.0.0.1, User Agent: python-requests/2.27.1
Request Body:
{
	"telefone": "41984642586",
	"unidade": "PA5",
	"iduser": "68810",
	"nomeboleto": "1543021989_20230216_101450.pdf",
	"nomedevedor": "PAULO ROBERTO ALVES DA SILVA"
}
Response Body:
Boleto encaminhado para envio
Response: 200 3.889 ms 

Request: POST /envia-whats at Thu Feb 16 2023 10:15:08 GMT-0300, IP: ::ffff:127.0.0.1, User Agent: python-requests/2.27.1
Request Body:
{
	"telefone": "83986399451",
	"unidade": "PA5",
	"iduser": "68810",
	"nomeboleto": "1542370796_20230216_101508.pdf",
	"nomedevedor": "ROMARIO SOUSA DE OLIVEIRA"
}
Response Body:
Boleto encaminhado para envio
Response: 200 1.570 ms 

Request: POST /envia-whats at Thu Feb 16 2023 10:16:07 GMT-0300, IP: ::ffff:127.0.0.1, User Agent: python-requests/2.27.1
Request Body:
{
	"telefone": "85998452776",
	"unidade": "PA5",
	"iduser": "68810",
	"nomeboleto": "1542931358_20230216_101607.pdf",
	"nomedevedor": "CAROLINY PONTES SILVA"
}
Response Body:
Boleto encaminhado para envio
Response: 200 1.356 ms 

Request: POST /envia-whats at Thu Feb 16 2023 10:22:23 GMT-0300, IP: ::ffff:127.0.0.1, User Agent: python-requests/2.27.1
Request Body:
{
	"telefone": "8598452776",
	"unidade": "PA5",
	"iduser": "68810",
	"nomeboleto": "1542931358_20230216_102223.pdf",
	"nomedevedor": "CAROLINY PONTES SILVA"
}
Response Body:
Boleto encaminhado para envio
Response: 200 1.979 ms 

Request: POST /envia-whats at Thu Feb 16 2023 10:27:38 GMT-0300, IP: ::ffff:127.0.0.1, User Agent: python-requests/2.27.1
Request Body:
{
	"telefone": "41984642586",
	"unidade": "PA5",
	"iduser": "68810",
	"nomeboleto": "1543021989_20230216_102738.pdf",
	"nomedevedor": "PAULO ROBERTO ALVES DA SILVA"
}
Response Body:
Boleto encaminhado para envio
Response: 200 13.348 ms 

Request: POST /envia-whats at Thu Feb 16 2023 10:30:02 GMT-0300, IP: ::ffff:127.0.0.1, User Agent: python-requests/2.27.1
Request Body:
{
	"telefone": "8588452776",
	"unidade": "PA5",
	"iduser": "68810",
	"nomeboleto": "1543021989_20230216_103002.pdf",
	"nomedevedor": "PAULO ROBERTO ALVES DA SILVA"
}
Response Body:
Boleto encaminhado para envio
Response: 200 1.688 ms 

Request: POST /envia-whats at Thu Feb 16 2023 10:37:28 GMT-0300, IP: ::ffff:127.0.0.1, User Agent: python-requests/2.27.1
Request Body:
{
	"telefone": "8588452776",
	"unidade": "PA5",
	"iduser": "68810",
	"nomeboleto": "1543021989_20230216_103728.pdf",
	"nomedevedor": "PAULO ROBERTO ALVES DA SILVA"
}
Response Body:
Boleto encaminhado para envio
Response: 200 3.543 ms 

Request: POST /envia-whats at Thu Feb 16 2023 10:39:22 GMT-0300, IP: ::ffff:127.0.0.1, User Agent: python-requests/2.27.1
Request Body:
{
	"telefone": "41984642586",
	"unidade": "PA5",
	"iduser": "68810",
	"nomeboleto": "1543021989_20230216_103922.pdf",
	"nomedevedor": "PAULO ROBERTO ALVES DA SILVA"
}
Response Body:
Boleto encaminhado para envio
Response: 200 1.627 ms 

Request: POST /envia-whats at Thu Feb 16 2023 10:48:21 GMT-0300, IP: ::ffff:127.0.0.1, User Agent: python-requests/2.27.1
Request Body:
{
	"telefone": "41984642586",
	"unidade": "PA5",
	"iduser": "68810",
	"nomeboleto": "1543021989_20230216_104821.pdf",
	"nomedevedor": "PAULO ROBERTO ALVES DA SILVA"
}
Response Body:
Boleto encaminhado para envio
Response: 200 3.605 ms 

Request: POST /envia-whats at Thu Feb 16 2023 10:48:26 GMT-0300, IP: ::ffff:127.0.0.1, User Agent: python-requests/2.27.1
Request Body:
{
	"telefone": "8588452776",
	"unidade": "PA5",
	"iduser": "68810",
	"nomeboleto": "1543021989_20230216_104826.pdf",
	"nomedevedor": "PAULO ROBERTO ALVES DA SILVA"
}
Response Body:
Boleto encaminhado para envio
Response: 200 1.618 ms 

Request: POST /envia-whats at Thu Feb 16 2023 10:53:02 GMT-0300, IP: ::ffff:127.0.0.1, User Agent: python-requests/2.27.1
Request Body:
{
	"telefone": "41984642586",
	"unidade": "PA5",
	"iduser": "68810",
	"nomeboleto": "1543021989_20230216_105302.pdf",
	"nomedevedor": "PAULO ROBERTO ALVES DA SILVA"
}
Response Body:
Boleto encaminhado para envio
Response: 200 3.626 ms 

Request: POST /envia-whats at Thu Feb 16 2023 10:53:44 GMT-0300, IP: ::ffff:127.0.0.1, User Agent: python-requests/2.27.1
Request Body:
{
	"telefone": "41984642586",
	"unidade": "PA5",
	"iduser": "68810",
	"nomeboleto": "1543021989_20230216_105344.pdf",
	"nomedevedor": "PAULO ROBERTO ALVES DA SILVA"
}
Response Body:
Boleto encaminhado para envio
Response: 200 3.690 ms 

Request: POST /envia-whats at Thu Feb 16 2023 10:57:26 GMT-0300, IP: ::ffff:127.0.0.1, User Agent: python-requests/2.27.1
Request Body:
{
	"telefone": "83986399451",
	"unidade": "PA5",
	"iduser": "68810",
	"nomeboleto": "1542370796_20230216_105726.pdf",
	"nomedevedor": "ROMARIO SOUSA DE OLIVEIRA"
}
Response Body:
Boleto encaminhado para envio
Response: 200 1.691 ms 

Request: POST /envia-whats at Thu Feb 16 2023 10:58:37 GMT-0300, IP: ::ffff:127.0.0.1, User Agent: python-requests/2.27.1
Request Body:
{
	"telefone": "8386399451",
	"unidade": "PA5",
	"iduser": "68810",
	"nomeboleto": "1542370796_20230216_105837.pdf",
	"nomedevedor": "ROMARIO SOUSA DE OLIVEIRA"
}
Response Body:
Boleto encaminhado para envio
Response: 200 1.373 ms 

Request: POST /envia-whats at Thu Feb 16 2023 11:01:11 GMT-0300, IP: ::ffff:127.0.0.1, User Agent: python-requests/2.27.1
Request Body:
{
	"telefone": "83986399451",
	"unidade": "PA5",
	"iduser": "68810",
	"nomeboleto": "1542370796_20230216_110111.pdf",
	"nomedevedor": "ROMARIO SOUSA DE OLIVEIRA"
}
Response Body:
Boleto encaminhado para envio
Response: 200 3.498 ms 

Request: POST /envia-whats at Thu Feb 16 2023 11:02:22 GMT-0300, IP: ::ffff:127.0.0.1, User Agent: python-requests/2.27.1
Request Body:
{
	"telefone": "83986399451",
	"unidade": "PA5",
	"iduser": "68810",
	"nomeboleto": "1542370796_20230216_110222.pdf",
	"nomedevedor": "ROMARIO SOUSA DE OLIVEIRA"
}
Response Body:
Boleto encaminhado para envio
Response: 200 3.788 ms 

Request: POST /envia-whats at Thu Feb 16 2023 11:03:07 GMT-0300, IP: ::ffff:127.0.0.1, User Agent: python-requests/2.27.1
Request Body:
{
	"telefone": "83986399451",
	"unidade": "PA5",
	"iduser": "68810",
	"nomeboleto": "1542370796_20230216_110307.pdf",
	"nomedevedor": "ROMARIO SOUSA DE OLIVEIRA"
}
Response Body:
Boleto encaminhado para envio
Response: 200 5.335 ms 

Request: POST /envia-whats at Thu Feb 16 2023 11:05:10 GMT-0300, IP: ::ffff:127.0.0.1, User Agent: python-requests/2.27.1
Request Body:
{
	"telefone": "83986399451",
	"unidade": "PA5",
	"iduser": "68810",
	"nomeboleto": "1542370796_20230216_110510.pdf",
	"nomedevedor": "ROMARIO SOUSA DE OLIVEIRA"
}
Response Body:
Boleto encaminhado para envio
Response: 200 3.535 ms 

Request: POST /envia-whats at Thu Feb 16 2023 11:05:46 GMT-0300, IP: ::ffff:127.0.0.1, User Agent: python-requests/2.27.1
Request Body:
{
	"telefone": "8386399451",
	"unidade": "PA5",
	"iduser": "68810",
	"nomeboleto": "1542370796_20230216_110546.pdf",
	"nomedevedor": "ROMARIO SOUSA DE OLIVEIRA"
}
Response Body:
Boleto encaminhado para envio
Response: 200 1.533 ms 

Request: POST /envia-whats at Thu Feb 16 2023 11:08:09 GMT-0300, IP: ::ffff:127.0.0.1, User Agent: python-requests/2.27.1
Request Body:
{
	"telefone": "8386399451",
	"unidade": "PA5",
	"iduser": "68810",
	"nomeboleto": "1542370796_20230216_110809.pdf",
	"nomedevedor": "ROMARIO SOUSA DE OLIVEIRA"
}
Response Body:
Boleto encaminhado para envio
Response: 200 5.727 ms 

Request: POST /envia-whats at Thu Feb 16 2023 11:09:21 GMT-0300, IP: ::ffff:127.0.0.1, User Agent: python-requests/2.27.1
Request Body:
{
	"telefone": "8386399451",
	"unidade": "PA5",
	"iduser": "68810",
	"nomeboleto": "1542370796_20230216_110921.pdf",
	"nomedevedor": "ROMARIO SOUSA DE OLIVEIRA"
}
Response Body:
Boleto encaminhado para envio
Response: 200 3.884 ms 

Request: POST /envia-whats at Thu Feb 16 2023 11:09:35 GMT-0300, IP: ::ffff:127.0.0.1, User Agent: python-requests/2.27.1
Request Body:
{
	"telefone": "83986399451",
	"unidade": "PA5",
	"iduser": "68810",
	"nomeboleto": "1542370796_20230216_110935.pdf",
	"nomedevedor": "ROMARIO SOUSA DE OLIVEIRA"
}
Response Body:
Boleto encaminhado para envio
Response: 200 1.527 ms 

Request: POST /envia-whats at Thu Feb 16 2023 12:58:55 GMT-0300, IP: ::ffff:127.0.0.1, User Agent: python-requests/2.27.1
Request Body:
{
	"telefone": "4184642586",
	"unidade": "PA5",
	"iduser": "68810",
	"nomeboleto": "1543021989_20230216_125855.pdf",
	"nomedevedor": "PAULO ROBERTO ALVES DA SILVA"
}
Response Body:
Boleto encaminhado para envio
Response: 200 6.748 ms 

Request: POST /envia-whats at Thu Feb 16 2023 12:59:02 GMT-0300, IP: ::ffff:127.0.0.1, User Agent: python-requests/2.27.1
Request Body:
{
	"telefone": "41984642586",
	"unidade": "PA5",
	"iduser": "68810",
	"nomeboleto": "1543021989_20230216_125901.pdf",
	"nomedevedor": "PAULO ROBERTO ALVES DA SILVA"
}
Response Body:
Boleto encaminhado para envio
Response: 200 2.668 ms 

Request: POST /envia-whats at Thu Feb 16 2023 13:01:26 GMT-0300, IP: ::ffff:127.0.0.1, User Agent: python-requests/2.27.1
Request Body:
{
	"telefone": "41984642586",
	"unidade": "PA5",
	"iduser": "68810",
	"nomeboleto": "1543021989_20230216_130126.pdf",
	"nomedevedor": "PAULO ROBERTO ALVES DA SILVA"
}
Response Body:
Boleto encaminhado para envio
Response: 200 3.922 ms 

Request: POST /envia-whats at Thu Feb 16 2023 13:01:52 GMT-0300, IP: ::ffff:127.0.0.1, User Agent: python-requests/2.27.1
Request Body:
{
	"telefone": "4184642586",
	"unidade": "PA5",
	"iduser": "68810",
	"nomeboleto": "1543021989_20230216_130152.pdf",
	"nomedevedor": "PAULO ROBERTO ALVES DA SILVA"
}
Response Body:
Boleto encaminhado para envio
Response: 200 1.528 ms 

Request: POST /envia-whats at Thu Feb 16 2023 13:06:26 GMT-0300, IP: ::ffff:127.0.0.1, User Agent: python-requests/2.27.1
Request Body:
{
	"telefone": "4184642586",
	"unidade": "PA5",
	"iduser": "68810",
	"nomeboleto": "1543021989_20230216_130626.pdf",
	"nomedevedor": "PAULO ROBERTO ALVES DA SILVA"
}
Response Body:
Boleto encaminhado para envio
Response: 200 3.592 ms 

Request: POST /envia-whats at Thu Feb 16 2023 13:06:31 GMT-0300, IP: ::ffff:127.0.0.1, User Agent: python-requests/2.27.1
Request Body:
{
	"telefone": "41984642586",
	"unidade": "PA5",
	"iduser": "68810",
	"nomeboleto": "1543021989_20230216_130631.pdf",
	"nomedevedor": "PAULO ROBERTO ALVES DA SILVA"
}
Response Body:
Boleto encaminhado para envio
Response: 200 1.527 ms 

Request: POST /envia-whats at Thu Feb 16 2023 13:10:08 GMT-0300, IP: ::ffff:127.0.0.1, User Agent: python-requests/2.27.1
Request Body:
{
	"telefone": "41984642586",
	"unidade": "PA5",
	"iduser": "68810",
	"nomeboleto": "1543021989_20230216_131008.pdf",
	"nomedevedor": "PAULO ROBERTO ALVES DA SILVA"
}
Response Body:
Boleto encaminhado para envio
Response: 200 5.807 ms 

Request: POST /envia-whats at Thu Feb 16 2023 13:10:23 GMT-0300, IP: ::ffff:127.0.0.1, User Agent: python-requests/2.27.1
Request Body:
{
	"telefone": "8588422776",
	"unidade": "PA5",
	"iduser": "68810",
	"nomeboleto": "1543021989_20230216_131023.pdf",
	"nomedevedor": "PAULO ROBERTO ALVES DA SILVA"
}
Response Body:
Boleto encaminhado para envio
Response: 200 1.393 ms 

Request: POST /envia-whats at Thu Feb 16 2023 13:12:50 GMT-0300, IP: ::ffff:127.0.0.1, User Agent: python-requests/2.27.1
Request Body:
{
	"telefone": "8588422776",
	"unidade": "PA5",
	"iduser": "68810",
	"nomeboleto": "1543021989_20230216_131250.pdf",
	"nomedevedor": "PAULO ROBERTO ALVES DA SILVA"
}
Response Body:
Boleto encaminhado para envio
Response: 200 3.570 ms 

Request: POST /envia-whats at Thu Feb 16 2023 13:15:30 GMT-0300, IP: ::ffff:127.0.0.1, User Agent: python-requests/2.27.1
Request Body:
{
	"telefone": "8588422776",
	"unidade": "PA5",
	"iduser": "68810",
	"nomeboleto": "1543021989_20230216_131530.pdf",
	"nomedevedor": "PAULO ROBERTO ALVES DA SILVA"
}
Response Body:
Boleto encaminhado para envio
Response: 200 6.021 ms 

Request: POST /envia-whats at Thu Feb 16 2023 13:15:44 GMT-0300, IP: ::ffff:127.0.0.1, User Agent: python-requests/2.27.1
Request Body:
{
	"telefone": "41984642586",
	"unidade": "PA5",
	"iduser": "68810",
	"nomeboleto": "1543021989_20230216_131544.pdf",
	"nomedevedor": "PAULO ROBERTO ALVES DA SILVA"
}
Response Body:
Boleto encaminhado para envio
Response: 200 1.588 ms 

Request: POST /envia-whats at Thu Feb 16 2023 13:16:24 GMT-0300, IP: ::ffff:127.0.0.1, User Agent: python-requests/2.27.1
Request Body:
{
	"telefone": "4184642586",
	"unidade": "PA5",
	"iduser": "68810",
	"nomeboleto": "1543021989_20230216_131624.pdf",
	"nomedevedor": "PAULO ROBERTO ALVES DA SILVA"
}
Response Body:
Boleto encaminhado para envio
Response: 200 1.037 ms 

Request: POST /envia-whats at Thu Feb 16 2023 13:18:33 GMT-0300, IP: ::ffff:127.0.0.1, User Agent: python-requests/2.27.1
Request Body:
{
	"telefone": "8598452776",
	"unidade": "PA5",
	"iduser": "68810",
	"nomeboleto": "1542931358_20230216_131833.pdf",
	"nomedevedor": "CAROLINY PONTES SILVA"
}
Response Body:
Boleto encaminhado para envio
Response: 200 1.060 ms 

Request: POST /envia-whats at Thu Feb 16 2023 13:18:39 GMT-0300, IP: ::ffff:127.0.0.1, User Agent: python-requests/2.27.1
Request Body:
{
	"telefone": "85998452776",
	"unidade": "PA5",
	"iduser": "68810",
	"nomeboleto": "1542931358_20230216_131839.pdf",
	"nomedevedor": "CAROLINY PONTES SILVA"
}
Response Body:
Boleto encaminhado para envio
Response: 200 1.283 ms 

Request: POST /envia-whats at Thu Feb 16 2023 15:03:10 GMT-0300, IP: ::ffff:127.0.0.1, User Agent: python-requests/2.27.1
Request Body:
{
	"telefone": "8598452776",
	"unidade": "XXX",
	"iduser": "56464",
	"nomeboleto": "1542931358_20230216_150310.pdf",
	"nomedevedor": "CAROLINY PONTES SILVA"
}
Response Body:
Boleto encaminhado para envio
Response: 200 2.628 ms 

Request: POST /envia-whats at Thu Feb 16 2023 15:03:16 GMT-0300, IP: ::ffff:127.0.0.1, User Agent: python-requests/2.27.1
Request Body:
{
	"telefone": "85998452776",
	"unidade": "XXX",
	"iduser": "56464",
	"nomeboleto": "1542931358_20230216_150316.pdf",
	"nomedevedor": "CAROLINY PONTES SILVA"
}
Response Body:
Boleto encaminhado para envio
Response: 200 1.048 ms 

Request: POST /envia-whats at Thu Feb 16 2023 15:11:44 GMT-0300, IP: ::ffff:127.0.0.1, User Agent: python-requests/2.27.1
Request Body:
{
	"telefone": "8598452776",
	"unidade": "XXX",
	"iduser": "56464",
	"nomeboleto": "1542931358_20230216_151144.pdf",
	"nomedevedor": "CAROLINY PONTES SILVA"
}
Response Body:
Boleto encaminhado para envio
Response: 200 6.680 ms 

Request: POST /envia-whats at Thu Feb 16 2023 15:11:53 GMT-0300, IP: ::ffff:127.0.0.1, User Agent: python-requests/2.27.1
Request Body:
{
	"telefone": "85998452776",
	"unidade": "XXX",
	"iduser": "56464",
	"nomeboleto": "1542931358_20230216_151152.pdf",
	"nomedevedor": "CAROLINY PONTES SILVA"
}
Response Body:
Boleto encaminhado para envio
Response: 200 1.514 ms 

Request: POST /envia-whats at Thu Feb 16 2023 16:54:49 GMT-0300, IP: ::ffff:127.0.0.1, User Agent: python-requests/2.27.1
Request Body:
{
	"telefone": "85998452776",
	"unidade": "XXX",
	"iduser": "56464",
	"nomeboleto": "1542931358_20230216_165449.pdf",
	"nomedevedor": "CAROLINY PONTES SILVA"
}
Response Body:
Boleto encaminhado para envio
Response: 200 5.302 ms 

Request: POST /envia-whats at Thu Feb 16 2023 16:55:19 GMT-0300, IP: ::ffff:127.0.0.1, User Agent: python-requests/2.27.1
Request Body:
{
	"telefone": "47996442906",
	"unidade": "XXX",
	"iduser": "56464",
	"nomeboleto": "1542375767_20230216_165519.pdf",
	"nomedevedor": "WELINGTON POLICENO"
}
Response Body:
Boleto encaminhado para envio
Response: 200 1.273 ms 

Request: POST /envia-whats at Thu Feb 16 2023 16:55:37 GMT-0300, IP: ::ffff:127.0.0.1, User Agent: python-requests/2.27.1
Request Body:
{
	"telefone": "4796442906",
	"unidade": "XXX",
	"iduser": "56464",
	"nomeboleto": "1542375767_20230216_165537.pdf",
	"nomedevedor": "WELINGTON POLICENO"
}
Response Body:
Boleto encaminhado para envio
Response: 200 1.453 ms 

Request: POST /envia-whats at Thu Feb 16 2023 17:03:28 GMT-0300, IP: ::ffff:127.0.0.1, User Agent: python-requests/2.27.1
Request Body:
{
	"telefone": "4796442906",
	"unidade": "XXX",
	"iduser": "56464",
	"nomeboleto": "1542375767_20230216_170328.pdf",
	"nomedevedor": "WELINGTON POLICENO"
}
Response Body:
Boleto encaminhado para envio
Response: 200 4.649 ms 

Request: POST /envia-whats at Fri Feb 17 2023 09:26:26 GMT-0300, IP: ::ffff:127.0.0.1, User Agent: python-requests/2.27.1
Request Body:
{
	"telefone": "4796442906",
	"unidade": "PA5",
	"iduser": "68810",
	"nomeboleto": "1542375767_20230217_092626.pdf",
	"nomedevedor": "WELINGTON POLICENO"
}
Response Body:
Boleto encaminhado para envio
Response: 200 4.046 ms 

Request: POST /envia-whats at Fri Feb 17 2023 09:30:02 GMT-0300, IP: ::ffff:127.0.0.1, User Agent: python-requests/2.27.1
Request Body:
{
	"telefone": "4796442906",
	"unidade": "PA5",
	"iduser": "68810",
	"nomeboleto": "1542375767_20230217_093002.pdf",
	"nomedevedor": "WELINGTON POLICENO"
}
Response Body:
Boleto encaminhado para envio
Response: 200 2.416 ms 

Request: POST /envia-whats at Fri Feb 17 2023 09:32:02 GMT-0300, IP: ::ffff:127.0.0.1, User Agent: python-requests/2.27.1
Request Body:
{
	"telefone": "4796442906",
	"unidade": "PA5",
	"iduser": "68810",
	"nomeboleto": "1542375767_20230217_093202.pdf",
	"nomedevedor": "WELINGTON POLICENO"
}
Response Body:
Boleto encaminhado para envio
Response: 200 10.107 ms 

Request: POST /envia-whats at Fri Feb 17 2023 09:39:06 GMT-0300, IP: ::ffff:127.0.0.1, User Agent: python-requests/2.27.1
Request Body:
{
	"telefone": "4796442906",
	"unidade": "PA5",
	"iduser": "68810",
	"nomeboleto": "1542375767_20230217_093906.pdf",
	"nomedevedor": "WELINGTON POLICENO"
}
Response Body:
Boleto encaminhado para envio
Response: 200 4.444 ms 

Request: POST /envia-whats at Fri Feb 17 2023 10:00:53 GMT-0300, IP: ::ffff:127.0.0.1, User Agent: python-requests/2.27.1
Request Body:
{
	"telefone": "4796442906",
	"unidade": "PA5",
	"iduser": "68810",
	"nomeboleto": "1542375767_20230217_100053.pdf",
	"nomedevedor": "WELINGTON POLICENO"
}
Response Body:
Boleto encaminhado para envio
Response: 200 3.687 ms 

Request: POST /envia-whats at Fri Feb 17 2023 10:06:16 GMT-0300, IP: ::ffff:127.0.0.1, User Agent: python-requests/2.27.1
Request Body:
{
	"telefone": "4796442906",
	"unidade": "PA5",
	"iduser": "68810",
	"nomeboleto": "1542375767_20230217_100616.pdf",
	"nomedevedor": "WELINGTON POLICENO"
}
Response Body:
Boleto encaminhado para envio
Response: 200 7.777 ms 

Request: POST /envia-whats at Fri Feb 17 2023 10:08:00 GMT-0300, IP: ::ffff:127.0.0.1, User Agent: python-requests/2.27.1
Request Body:
{
	"telefone": "4796442906",
	"unidade": "PA5",
	"iduser": "68810",
	"nomeboleto": "1542375767_20230217_100800.pdf",
	"nomedevedor": "WELINGTON POLICENO"
}
Response Body:
Boleto encaminhado para envio
Response: 200 3.671 ms 

Request: POST /envia-whats at Fri Feb 17 2023 10:09:40 GMT-0300, IP: ::ffff:127.0.0.1, User Agent: python-requests/2.27.1
Request Body:
{
	"telefone": "4796442906",
	"unidade": "PA5",
	"iduser": "68810",
	"nomeboleto": "1542375767_20230217_100940.pdf",
	"nomedevedor": "WELINGTON POLICENO"
}
Response Body:
Boleto encaminhado para envio
Response: 200 4.216 ms 

Request: POST /envia-whats at Fri Feb 17 2023 10:10:33 GMT-0300, IP: ::ffff:127.0.0.1, User Agent: python-requests/2.27.1
Request Body:
{
	"telefone": "47996442906",
	"unidade": "PA5",
	"iduser": "68810",
	"nomeboleto": "1542375767_20230217_101033.pdf",
	"nomedevedor": "WELINGTON POLICENO"
}
Response Body:
Boleto encaminhado para envio
Response: 200 1.601 ms 

Request: POST /envia-whats at Fri Feb 17 2023 10:14:47 GMT-0300, IP: ::ffff:127.0.0.1, User Agent: python-requests/2.27.1
Request Body:
{
	"telefone": "47996442906",
	"unidade": "PA5",
	"iduser": "68810",
	"nomeboleto": "1542375767_20230217_101447.pdf",
	"nomedevedor": "WELINGTON POLICENO"
}
Response Body:
Boleto encaminhado para envio
Response: 200 2.106 ms 

Request: POST /envia-whats at Fri Feb 17 2023 10:15:45 GMT-0300, IP: ::ffff:127.0.0.1, User Agent: python-requests/2.27.1
Request Body:
{
	"telefone": "47996442906",
	"unidade": "PA5",
	"iduser": "68810",
	"nomeboleto": "1542375767_20230217_101545.pdf",
	"nomedevedor": "WELINGTON POLICENO"
}
Response Body:
Boleto encaminhado para envio
Response: 200 13.896 ms 

Request: POST /envia-whats at Fri Feb 17 2023 10:18:19 GMT-0300, IP: ::ffff:127.0.0.1, User Agent: python-requests/2.27.1
Request Body:
{
	"telefone": "47996442906",
	"unidade": "PA5",
	"iduser": "68810",
	"nomeboleto": "1542375767_20230217_101819.pdf",
	"nomedevedor": "WELINGTON POLICENO"
}
Response Body:
Boleto encaminhado para envio
Response: 200 3.697 ms 

Request: POST /envia-whats at Fri Feb 17 2023 10:24:57 GMT-0300, IP: ::ffff:127.0.0.1, User Agent: python-requests/2.27.1
Request Body:
{
	"telefone": "47996442906",
	"unidade": "PA5",
	"iduser": "68810",
	"nomeboleto": "1542375767_20230217_102457.pdf",
	"nomedevedor": "WELINGTON POLICENO"
}
Response Body:
Boleto encaminhado para envio
Response: 200 3.575 ms 

Request: POST /envia-whats at Fri Feb 17 2023 10:26:44 GMT-0300, IP: ::ffff:127.0.0.1, User Agent: python-requests/2.27.1
Request Body:
{
	"telefone": "47996442906",
	"unidade": "PA5",
	"iduser": "68810",
	"nomeboleto": "1542375767_20230217_102643.pdf",
	"nomedevedor": "WELINGTON POLICENO"
}
Response Body:
Boleto encaminhado para envio
Response: 200 3.834 ms 

Request: POST /envia-whats at Fri Feb 17 2023 10:48:59 GMT-0300, IP: ::ffff:127.0.0.1, User Agent: python-requests/2.27.1
Request Body:
{
	"telefone": "47996442906",
	"unidade": "PA5",
	"iduser": "68810",
	"nomeboleto": "1542375767_20230217_104859.pdf",
	"nomedevedor": "WELINGTON POLICENO"
}
Response Body:
Boleto encaminhado para envio
Response: 200 3.543 ms 

Request: POST /envia-whats at Fri Feb 17 2023 10:49:08 GMT-0300, IP: ::ffff:127.0.0.1, User Agent: python-requests/2.27.1
Request Body:
{
	"telefone": "4796442906",
	"unidade": "PA5",
	"iduser": "68810",
	"nomeboleto": "1542375767_20230217_104908.pdf",
	"nomedevedor": "WELINGTON POLICENO"
}
Response Body:
Boleto encaminhado para envio
Response: 200 1.562 ms 

Request: POST /envia-whats at Fri Feb 17 2023 10:55:10 GMT-0300, IP: ::ffff:127.0.0.1, User Agent: python-requests/2.27.1
Request Body:
{
	"telefone": "4796442906",
	"unidade": "PA5",
	"iduser": "68810",
	"nomeboleto": "1542375767_20230217_105510.pdf",
	"nomedevedor": "WELINGTON POLICENO"
}
Response Body:
Boleto encaminhado para envio
Response: 200 6.012 ms 

Request: POST /envia-whats at Fri Feb 17 2023 10:56:01 GMT-0300, IP: ::ffff:127.0.0.1, User Agent: python-requests/2.27.1
Request Body:
{
	"telefone": "4796442906",
	"unidade": "PA5",
	"iduser": "68810",
	"nomeboleto": "1542375767_20230217_105601.pdf",
	"nomedevedor": "WELINGTON POLICENO"
}
Response Body:
Boleto encaminhado para envio
Response: 200 3.715 ms 

Request: POST /envia-whats at Fri Feb 17 2023 10:57:50 GMT-0300, IP: ::ffff:127.0.0.1, User Agent: python-requests/2.27.1
Request Body:
{
	"telefone": "4796442906",
	"unidade": "PA5",
	"iduser": "68810",
	"nomeboleto": "1542375767_20230217_105750.pdf",
	"nomedevedor": "WELINGTON POLICENO"
}
Response Body:
Boleto encaminhado para envio
Response: 200 3.579 ms 

Request: POST /envia-whats at Fri Feb 17 2023 11:06:59 GMT-0300, IP: ::ffff:127.0.0.1, User Agent: python-requests/2.27.1
Request Body:
{
	"telefone": "4796442906",
	"unidade": "PA5",
	"iduser": "68810",
	"nomeboleto": "1542375767_20230217_110659.pdf",
	"nomedevedor": "WELINGTON POLICENO"
}
Response Body:
Boleto encaminhado para envio
Response: 200 3.899 ms 

Request: POST /envia-whats at Fri Feb 17 2023 11:08:05 GMT-0300, IP: ::ffff:127.0.0.1, User Agent: python-requests/2.27.1
Request Body:
{
	"telefone": "4796442906",
	"unidade": "PA5",
	"iduser": "68810",
	"nomeboleto": "1542375767_20230217_110805.pdf",
	"nomedevedor": "WELINGTON POLICENO"
}
Response Body:
Boleto encaminhado para envio
Response: 200 4.054 ms 

Request: POST /envia-whats at Fri Feb 17 2023 11:09:54 GMT-0300, IP: ::ffff:127.0.0.1, User Agent: python-requests/2.27.1
Request Body:
{
	"telefone": "4796442906",
	"unidade": "PA5",
	"iduser": "68810",
	"nomeboleto": "1542375767_20230217_110954.pdf",
	"nomedevedor": "WELINGTON POLICENO"
}
Response Body:
Boleto encaminhado para envio
Response: 200 1.879 ms 

Request: POST /envia-whats at Fri Feb 17 2023 11:10:43 GMT-0300, IP: ::ffff:127.0.0.1, User Agent: python-requests/2.27.1
Request Body:
{
	"telefone": "47996442906",
	"unidade": "PA5",
	"iduser": "68810",
	"nomeboleto": "1542375767_20230217_111043.pdf",
	"nomedevedor": "WELINGTON POLICENO"
}
Response Body:
Boleto encaminhado para envio
Response: 200 0.982 ms 

Request: POST /envia-whats at Fri Feb 17 2023 12:49:22 GMT-0300, IP: ::ffff:127.0.0.1, User Agent: python-requests/2.27.1
Request Body:
{
	"telefone": "4796442906",
	"unidade": "PA5",
	"iduser": "68810",
	"nomeboleto": "1542375767_20230217_124922.pdf",
	"nomedevedor": "WELINGTON POLICENO"
}
Response Body:
Boleto encaminhado para envio
Response: 200 4.114 ms 

Request: POST /envia-whats at Fri Feb 17 2023 12:50:16 GMT-0300, IP: ::ffff:127.0.0.1, User Agent: python-requests/2.27.1
Request Body:
{
	"telefone": "47996442906",
	"unidade": "PA5",
	"iduser": "68810",
	"nomeboleto": "1542375767_20230217_125016.pdf",
	"nomedevedor": "WELINGTON POLICENO"
}
Response Body:
Boleto encaminhado para envio
Response: 200 2.521 ms 

Request: POST /envia-whats at Fri Feb 17 2023 12:53:15 GMT-0300, IP: ::ffff:127.0.0.1, User Agent: python-requests/2.27.1
Request Body:
{
	"telefone": "4796442906",
	"unidade": "PA5",
	"iduser": "68810",
	"nomeboleto": "1542375767_20230217_125315.pdf",
	"nomedevedor": "WELINGTON POLICENO"
}
Response Body:
Boleto encaminhado para envio
Response: 200 7.921 ms 

Request: POST /envia-whats at Fri Feb 17 2023 12:53:28 GMT-0300, IP: ::ffff:127.0.0.1, User Agent: python-requests/2.27.1
Request Body:
{
	"telefone": "47996442906",
	"unidade": "PA5",
	"iduser": "68810",
	"nomeboleto": "1542375767_20230217_125328.pdf",
	"nomedevedor": "WELINGTON POLICENO"
}
Response Body:
Boleto encaminhado para envio
Response: 200 1.231 ms 

Request: POST /envia-whats at Fri Feb 17 2023 12:55:36 GMT-0300, IP: ::ffff:127.0.0.1, User Agent: python-requests/2.27.1
Request Body:
{
	"telefone": "4796442906",
	"unidade": "PA5",
	"iduser": "68810",
	"nomeboleto": "1542375767_20230217_125536.pdf",
	"nomedevedor": "WELINGTON POLICENO"
}
Response Body:
Boleto encaminhado para envio
Response: 200 4.354 ms 

Request: POST /envia-whats at Fri Feb 17 2023 12:57:10 GMT-0300, IP: ::ffff:127.0.0.1, User Agent: python-requests/2.27.1
Request Body:
{
	"telefone": "4796442906",
	"unidade": "PA5",
	"iduser": "68810",
	"nomeboleto": "1542375767_20230217_125710.pdf",
	"nomedevedor": "WELINGTON POLICENO"
}
Response Body:
Boleto encaminhado para envio
Response: 200 3.437 ms 

Request: POST /envia-whats at Fri Feb 17 2023 12:57:17 GMT-0300, IP: ::ffff:127.0.0.1, User Agent: python-requests/2.27.1
Request Body:
{
	"telefone": "47996442906",
	"unidade": "PA5",
	"iduser": "68810",
	"nomeboleto": "1542375767_20230217_125717.pdf",
	"nomedevedor": "WELINGTON POLICENO"
}
Response Body:
Boleto encaminhado para envio
Response: 200 1.491 ms 

Request: POST /envia-whats at Fri Feb 17 2023 15:16:42 GMT-0300, IP: ::ffff:127.0.0.1, User Agent: python-requests/2.27.1
Request Body:
{
	"telefone": "19981530002",
	"unidade": "PA5",
	"iduser": "68810",
	"nomeboleto": "1540997669_20230217_151642.pdf",
	"nomedevedor": "CARLOS ALBERTO SANTIN"
}
Response Body:
Boleto encaminhado para envio
Response: 200 2.078 ms 

Request: POST /envia-whats at Fri Feb 17 2023 15:17:00 GMT-0300, IP: ::ffff:127.0.0.1, User Agent: python-requests/2.27.1
Request Body:
{
	"telefone": "1981530002",
	"unidade": "PA5",
	"iduser": "68810",
	"nomeboleto": "1540997669_20230217_151700.pdf",
	"nomedevedor": "CARLOS ALBERTO SANTIN"
}
Response Body:
Boleto encaminhado para envio
Response: 200 1.283 ms 

Request: POST /envia-whats at Fri Feb 17 2023 15:17:10 GMT-0300, IP: ::ffff:127.0.0.1, User Agent: python-requests/2.27.1
Request Body:
{
	"telefone": "19981530002",
	"unidade": "PA5",
	"iduser": "68810",
	"nomeboleto": "1540997669_20230217_151710.pdf",
	"nomedevedor": "CARLOS ALBERTO SANTIN"
}
Response Body:
Boleto encaminhado para envio
Response: 200 1.112 ms 

Request: POST /envia-whats at Wed Feb 22 2023 09:26:57 GMT-0300, IP: ::ffff:127.0.0.1, User Agent: python-requests/2.27.1
Request Body:
{
	"telefone": "41985146811",
	"unidade": "PA5",
	"iduser": "68810",
	"nomeboleto": "1543021989_20230222_092657.pdf",
	"nomedevedor": "PAULO ROBERTO ALVES DA SILVA"
}
Response Body:
Boleto encaminhado para envio
Response: 200 2.494 ms 

Request: POST /envia-whats at Wed Feb 22 2023 09:28:55 GMT-0300, IP: ::ffff:127.0.0.1, User Agent: python-requests/2.27.1
Request Body:
{
	"telefone": "41985146811",
	"unidade": "PA5",
	"iduser": "68810",
	"nomeboleto": "1543021989_20230222_092855.pdf",
	"nomedevedor": "PAULO ROBERTO ALVES DA SILVA"
}
Response Body:
Boleto encaminhado para envio
Response: 200 3.960 ms 

Request: POST /envia-whats at Wed Feb 22 2023 09:30:59 GMT-0300, IP: ::ffff:127.0.0.1, User Agent: python-requests/2.27.1
Request Body:
{
	"telefone": "41984642586",
	"unidade": "PA5",
	"iduser": "68810",
	"nomeboleto": "1543021989_20230222_093059.pdf",
	"nomedevedor": "PAULO ROBERTO ALVES DA SILVA"
}
Response Body:
Boleto encaminhado para envio
Response: 200 3.722 ms 

Request: POST /envia-whats at Wed Feb 22 2023 10:16:37 GMT-0300, IP: ::ffff:127.0.0.1, User Agent: python-requests/2.27.1
Request Body:
{
	"telefone": "51985146811",
	"unidade": "PA5",
	"iduser": "68810",
	"nomeboleto": "1542375767_20230222_101637.pdf",
	"nomedevedor": "WELINGTON POLICENO"
}
Response Body:
Boleto encaminhado para envio
Response: 200 3.866 ms 

Request: POST /envia-whats at Wed Feb 22 2023 10:18:20 GMT-0300, IP: ::ffff:127.0.0.1, User Agent: python-requests/2.27.1
Request Body:
{
	"telefone": "47996442906",
	"unidade": "PA5",
	"iduser": "68810",
	"nomeboleto": "1542375767_20230222_101820.pdf",
	"nomedevedor": "WELINGTON POLICENO"
}
Response Body:
Boleto encaminhado para envio
Response: 200 4.020 ms 

Request: POST /envia-whats at Wed Feb 22 2023 10:23:29 GMT-0300, IP: ::ffff:127.0.0.1, User Agent: python-requests/2.27.1
Request Body:
{
	"telefone": "5185146811",
	"unidade": "PA5",
	"iduser": "68810",
	"nomeboleto": "1542375767_20230222_102329.pdf",
	"nomedevedor": "WELINGTON POLICENO"
}
Response Body:
Boleto encaminhado para envio
Response: 200 3.509 ms 

Request: POST /envia-whats at Wed Feb 22 2023 10:30:02 GMT-0300, IP: ::ffff:127.0.0.1, User Agent: python-requests/2.27.1
Request Body:
{
	"telefone": "5185146811",
	"unidade": "PA5",
	"iduser": "68810",
	"nomeboleto": "1542375767_20230222_103002.pdf",
	"nomedevedor": "WELINGTON POLICENO"
}
Response Body:
Boleto encaminhado para envio
Response: 200 5.535 ms 

Request: POST /envia-whats at Wed Feb 22 2023 10:31:21 GMT-0300, IP: ::ffff:127.0.0.1, User Agent: python-requests/2.27.1
Request Body:
{
	"telefone": "5185146811",
	"unidade": "PA5",
	"iduser": "68810",
	"nomeboleto": "1542375767_20230222_103121.pdf",
	"nomedevedor": "WELINGTON POLICENO"
}
Response Body:
Boleto encaminhado para envio
Response: 200 7.674 ms 

Request: POST /envia-whats at Wed Feb 22 2023 10:32:40 GMT-0300, IP: ::ffff:127.0.0.1, User Agent: python-requests/2.27.1
Request Body:
{
	"telefone": "5185146811",
	"unidade": "PA5",
	"iduser": "68810",
	"nomeboleto": "1542375767_20230222_103240.pdf",
	"nomedevedor": "WELINGTON POLICENO"
}
Response Body:
Boleto encaminhado para envio
Response: 200 4.646 ms 

Request: POST /envia-whats at Wed Feb 22 2023 11:08:15 GMT-0300, IP: ::ffff:127.0.0.1, User Agent: python-requests/2.27.1
Request Body:
{
	"telefone": "5185146811",
	"unidade": "XXX",
	"iduser": "56464",
	"nomeboleto": "1532000308_20230222_110814.pdf",
	"nomedevedor": "ELISANGELA SILVA DOS"
}
Response Body:
Boleto encaminhado para envio
Response: 200 2.971 ms 

Request: POST /envia-whats at Wed Feb 22 2023 11:14:57 GMT-0300, IP: ::ffff:127.0.0.1, User Agent: python-requests/2.27.1
Request Body:
{
	"telefone": "5185146811",
	"unidade": "XXX",
	"iduser": "56464",
	"nomeboleto": "1532000308_20230222_111457.pdf",
	"nomedevedor": "ELISANGELA SILVA DOS"
}
Response Body:
Boleto encaminhado para envio
Response: 200 3.206 ms 

Request: POST /envia-whats at Wed Feb 22 2023 11:19:15 GMT-0300, IP: ::ffff:127.0.0.1, User Agent: python-requests/2.27.1
Request Body:
{
	"telefone": "5185146811",
	"unidade": "XXX",
	"iduser": "56464",
	"nomeboleto": "1532000308_20230222_111915.pdf",
	"nomedevedor": "ELISANGELA SILVA DOS"
}
Response Body:
Boleto encaminhado para envio
Response: 200 1.507 ms 
